#
# There is insufficient memory for the Java Runtime Environment to continue.
# Native memory allocation (malloc) failed to allocate 1723696 bytes. Error detail: Chunk::new
# Possible reasons:
#   The system is out of physical RAM or swap space
#   This process is running with CompressedOops enabled, and the Java Heap may be blocking the growth of the native heap
# Possible solutions:
#   Reduce memory load on the system
#   Increase physical memory or swap space
#   Check if swap backing store is full
#   Decrease Java heap size (-Xmx/-Xms)
#   Decrease number of Java threads
#   Decrease Java thread stack sizes (-Xss)
#   Set larger code cache with -XX:ReservedCodeCacheSize=
#   JVM is running with Unscaled Compressed Oops mode in which the Java heap is
#     placed in the first 4GB address space. The Java Heap base address is the
#     maximum limit for the native heap growth. Please use -XX:HeapBaseMinAddress
#     to set the Java Heap base and to place the Java Heap above 4GB virtual address.
# This output file may be truncated or incomplete.
#
#  Out of Memory Error (arena.cpp:191), pid=17776, tid=17892
#
# JRE version: OpenJDK Runtime Environment Microsoft-9388408 (17.0.11+9) (build 17.0.11+9-LTS)
# Java VM: OpenJDK 64-Bit Server VM Microsoft-9388408 (17.0.11+9-LTS, mixed mode, sharing, tiered, compressed oops, compressed class ptrs, g1 gc, windows-amd64)
# No core dump will be written. Minidumps are not enabled by default on client versions of Windows
#

---------------  S U M M A R Y ------------

Command Line: -XX:MaxMetaspaceSize=512m --add-opens=java.base/java.util=ALL-UNNAMED --add-opens=java.base/java.lang=ALL-UNNAMED --add-opens=java.base/java.lang.invoke=ALL-UNNAMED --add-opens=java.prefs/java.util.prefs=ALL-UNNAMED --add-opens=java.base/java.nio.charset=ALL-UNNAMED --add-opens=java.base/java.net=ALL-UNNAMED --add-opens=java.base/java.util.concurrent.atomic=ALL-UNNAMED -Xmx2048m -Dfile.encoding=utf8 -Duser.country=ID -Duser.language=en -Duser.variant -javaagent:C:\Users\user\.gradle\wrapper\dists\gradle-8.5-all\3zlzzgtsutfj0pbojr50n2l7z\gradle-8.5\lib\agents\gradle-instrumentation-agent-8.5.jar org.gradle.launcher.daemon.bootstrap.GradleDaemon 8.5

Host: 11th Gen Intel(R) Core(TM) i3-1115G4 @ 3.00GHz, 4 cores, 7G,  Windows 11 , 64 bit Build 22000 (10.0.22000.2538)
Time: Thu Jul 18 22:10:56 2024 SE Asia Standard Time elapsed time: 198.927073 seconds (0d 0h 3m 18s)

---------------  T H R E A D  ---------------

Current thread (0x000001e87e91f4f0):  JavaThread "C2 CompilerThread0" daemon [_thread_in_native, id=17892, stack(0x0000007281f00000,0x0000007282000000)]


Current CompileTask:
C2: 198927 11125       4       java.beans.MethodRef::set (58 bytes)

Stack: [0x0000007281f00000,0x0000007282000000]
Native frames: (J=compiled Java code, j=interpreted, Vv=VM code, C=native code)
V  [jvm.dll+0x67f6d9]
V  [jvm.dll+0x83773a]
V  [jvm.dll+0x8391fe]
V  [jvm.dll+0x839863]
V  [jvm.dll+0x247fbf]
V  [jvm.dll+0xac544]
V  [jvm.dll+0xacb8c]
V  [jvm.dll+0x368852]
V  [jvm.dll+0x332e1a]
V  [jvm.dll+0x3322ba]
V  [jvm.dll+0x21a5d1]
V  [jvm.dll+0x219a11]
V  [jvm.dll+0x1a5396]
V  [jvm.dll+0x2297cd]
V  [jvm.dll+0x22799c]
V  [jvm.dll+0x7ec8b7]
V  [jvm.dll+0x7e6cba]
V  [jvm.dll+0x67e5c5]
C  [ucrtbase.dll+0x26c0c]
C  [KERNEL32.DLL+0x153e0]
C  [ntdll.dll+0x485b]


---------------  P R O C E S S  ---------------

Threads class SMR info:
_java_thread_list=0x000001e83ce6c8f0, length=71, elements={
0x000001e87b7a16d0, 0x000001e87e8f99b0, 0x000001e87e8fa570, 0x000001e87e9189f0,
0x000001e87e9193b0, 0x000001e87e919d70, 0x000001e87e91e750, 0x000001e87e91f4f0,
0x000001e87e921fc0, 0x000001e81ab88070, 0x000001e87e8e5b50, 0x000001e81ac7ca40,
0x000001e83b49eb30, 0x000001e83b75c510, 0x000001e83b59f7f0, 0x000001e83b7ba5f0,
0x000001e83aa27c30, 0x000001e81ac793a0, 0x000001e83bdf66b0, 0x000001e81adaeb90,
0x000001e81adae680, 0x000001e81adacd30, 0x000001e81adaffd0, 0x000001e81adae170,
0x000001e81adaf5b0, 0x000001e81adad240, 0x000001e81adafac0, 0x000001e81adadc60,
0x000001e81adb04e0, 0x000001e83ab2c3f0, 0x000001e83ab2c900, 0x000001e83ab2a590,
0x000001e83ab2ce10, 0x000001e83ab2d320, 0x000001e83ab2d830, 0x000001e83ab2e760,
0x000001e83ab2b9d0, 0x000001e83ab2ec70, 0x000001e83ab2f180, 0x000001e83ab300b0,
0x000001e83ab2f690, 0x000001e83ab305c0, 0x000001e83ab2a080, 0x000001e83ab314f0,
0x000001e83ab31a00, 0x000001e83ab2aaa0, 0x000001e83ab30fe0, 0x000001e83ab2afb0,
0x000001e83ab2dd40, 0x000001e83d5cbd70, 0x000001e83d5cd6c0, 0x000001e83d5ceb00,
0x000001e83d5ce5f0, 0x000001e83d5cb860, 0x000001e83d5cf010, 0x000001e83d5c8fe0,
0x000001e83d5c8ad0, 0x000001e83d5c94f0, 0x000001e83d5cdbd0, 0x000001e83d5ce0e0,
0x000001e83d5c80b0, 0x000001e83d5c9a00, 0x000001e83d5cfa30, 0x000001e83d5ccca0,
0x000001e83d5c85c0, 0x000001e83d5c9f10, 0x000001e83d5cd1b0, 0x000001e83d5cae40,
0x000001e83d5ca420, 0x000001e83d5cc280, 0x000001e83b2c4be0
}

Java Threads: ( => current thread )
  0x000001e87b7a16d0 JavaThread "main" [_thread_blocked, id=17828, stack(0x0000007281200000,0x0000007281300000)]
  0x000001e87e8f99b0 JavaThread "Reference Handler" daemon [_thread_blocked, id=17868, stack(0x0000007281900000,0x0000007281a00000)]
  0x000001e87e8fa570 JavaThread "Finalizer" daemon [_thread_blocked, id=17872, stack(0x0000007281a00000,0x0000007281b00000)]
  0x000001e87e9189f0 JavaThread "Signal Dispatcher" daemon [_thread_blocked, id=17876, stack(0x0000007281b00000,0x0000007281c00000)]
  0x000001e87e9193b0 JavaThread "Attach Listener" daemon [_thread_blocked, id=17880, stack(0x0000007281c00000,0x0000007281d00000)]
  0x000001e87e919d70 JavaThread "Service Thread" daemon [_thread_blocked, id=17884, stack(0x0000007281d00000,0x0000007281e00000)]
  0x000001e87e91e750 JavaThread "Monitor Deflation Thread" daemon [_thread_blocked, id=17888, stack(0x0000007281e00000,0x0000007281f00000)]
=>0x000001e87e91f4f0 JavaThread "C2 CompilerThread0" daemon [_thread_in_native, id=17892, stack(0x0000007281f00000,0x0000007282000000)]
  0x000001e87e921fc0 JavaThread "C1 CompilerThread0" daemon [_thread_blocked, id=17896, stack(0x0000007282000000,0x0000007282100000)]
  0x000001e81ab88070 JavaThread "Sweeper thread" daemon [_thread_blocked, id=17900, stack(0x0000007282100000,0x0000007282200000)]
  0x000001e87e8e5b50 JavaThread "Common-Cleaner" daemon [_thread_blocked, id=17904, stack(0x0000007282200000,0x0000007282300000)]
  0x000001e81ac7ca40 JavaThread "Notification Thread" daemon [_thread_blocked, id=17916, stack(0x0000007282300000,0x0000007282400000)]
  0x000001e83b49eb30 JavaThread "Daemon health stats" [_thread_blocked, id=17984, stack(0x0000007282800000,0x0000007282900000)]
  0x000001e83b75c510 JavaThread "Incoming local TCP Connector on port 51168" [_thread_in_native, id=18008, stack(0x0000007282900000,0x0000007282a00000)]
  0x000001e83b59f7f0 JavaThread "Daemon periodic checks" [_thread_blocked, id=18012, stack(0x0000007282a00000,0x0000007282b00000)]
  0x000001e83b7ba5f0 JavaThread "Daemon" [_thread_blocked, id=18016, stack(0x0000007282b00000,0x0000007282c00000)]
  0x000001e83aa27c30 JavaThread "Handler for socket connection from /127.0.0.1:51168 to /127.0.0.1:51169" [_thread_in_native, id=18028, stack(0x0000007282c00000,0x0000007282d00000)]
  0x000001e81ac793a0 JavaThread "Cancel handler" [_thread_blocked, id=18036, stack(0x0000007282d00000,0x0000007282e00000)]
  0x000001e83bdf66b0 JavaThread "Daemon worker" [_thread_in_vm, id=18040, stack(0x0000007282e00000,0x0000007282f00000)]
  0x000001e81adaeb90 JavaThread "Asynchronous log dispatcher for DefaultDaemonConnection: socket connection from /127.0.0.1:51168 to /127.0.0.1:51169" [_thread_blocked, id=18052, stack(0x0000007282f00000,0x0000007283000000)]
  0x000001e81adae680 JavaThread "Daemon client event forwarder" [_thread_in_native, id=18060, stack(0x0000007283100000,0x0000007283200000)]
  0x000001e81adacd30 JavaThread "Cache worker for journal cache (C:\Users\user\.gradle\caches\journal-1)" [_thread_blocked, id=18084, stack(0x0000007283200000,0x0000007283300000)]
  0x000001e81adaffd0 JavaThread "File lock request listener" [_thread_in_native, id=18092, stack(0x0000007283300000,0x0000007283400000)]
  0x000001e81adae170 JavaThread "Cache worker for file hash cache (C:\Users\user\.gradle\caches\8.5\fileHashes)" [_thread_blocked, id=18136, stack(0x0000007283400000,0x0000007283500000)]
  0x000001e81adaf5b0 JavaThread "File watcher server" daemon [_thread_in_native, id=18188, stack(0x0000007283500000,0x0000007283600000)]
  0x000001e81adad240 JavaThread "File watcher consumer" daemon [_thread_blocked, id=18192, stack(0x0000007283600000,0x0000007283700000)]
  0x000001e81adafac0 JavaThread "jar transforms" [_thread_blocked, id=18196, stack(0x0000007283700000,0x0000007283800000)]
  0x000001e81adadc60 JavaThread "jar transforms Thread 2" [_thread_blocked, id=18200, stack(0x0000007283800000,0x0000007283900000)]
  0x000001e81adb04e0 JavaThread "jar transforms Thread 3" [_thread_blocked, id=18204, stack(0x0000007283900000,0x0000007283a00000)]
  0x000001e83ab2c3f0 JavaThread "Cache worker for checksums cache (C:\Users\user\Desktop\React\React Native\SiElit\android\.gradle\8.5\checksums)" [_thread_blocked, id=18236, stack(0x0000007283a00000,0x0000007283b00000)]
  0x000001e83ab2c900 JavaThread "Cache worker for file hash cache (C:\Users\user\Desktop\React\React Native\SiElit\android\.gradle\8.5\fileHashes)" [_thread_blocked, id=18240, stack(0x0000007283b00000,0x0000007283c00000)]
  0x000001e83ab2a590 JavaThread "Cache worker for cache directory md-supplier (C:\Users\user\.gradle\caches\8.5\md-supplier)" [_thread_blocked, id=18244, stack(0x0000007283c00000,0x0000007283d00000)]
  0x000001e83ab2ce10 JavaThread "Cache worker for cache directory md-rule (C:\Users\user\.gradle\caches\8.5\md-rule)" [_thread_blocked, id=18248, stack(0x0000007283d00000,0x0000007283e00000)]
  0x000001e83ab2d320 JavaThread "Cache worker for file content cache (C:\Users\user\.gradle\caches\8.5\fileContent)" [_thread_blocked, id=18260, stack(0x0000007283e00000,0x0000007283f00000)]
  0x000001e83ab2d830 JavaThread "Cache worker for execution history cache (C:\Users\user\.gradle\caches\8.5\executionHistory)" [_thread_blocked, id=18268, stack(0x0000007283f00000,0x0000007284000000)]
  0x000001e83ab2e760 JavaThread "jar transforms Thread 4" [_thread_blocked, id=18280, stack(0x0000007284000000,0x0000007284100000)]
  0x000001e83ab2b9d0 JavaThread "Cache worker for kotlin-dsl (C:\Users\user\.gradle\caches\8.5\kotlin-dsl)" [_thread_blocked, id=4980, stack(0x0000007281000000,0x0000007281100000)]
  0x000001e83ab2ec70 JavaThread "Unconstrained build operations" [_thread_blocked, id=14272, stack(0x0000007283000000,0x0000007283100000)]
  0x000001e83ab2f180 JavaThread "Unconstrained build operations Thread 2" [_thread_blocked, id=18168, stack(0x0000007284600000,0x0000007284700000)]
  0x000001e83ab300b0 JavaThread "Cache worker for dependencies-accessors (C:\Users\user\Desktop\React\React Native\SiElit\android\.gradle\8.5\dependencies-accessors)" [_thread_blocked, id=15456, stack(0x0000007284700000,0x0000007284800000)]
  0x000001e83ab2f690 JavaThread "Cache worker for Build Output Cleanup Cache (C:\Users\user\Desktop\React\React Native\SiElit\node_modules\@react-native\gradle-plugin\.gradle\buildOutputCleanup)" [_thread_blocked, id=2280, stack(0x0000007284800000,0x0000007284900000)]
  0x000001e83ab305c0 JavaThread "Unconstrained build operations Thread 3" [_thread_blocked, id=11212, stack(0x0000007284900000,0x0000007284a00000)]
  0x000001e83ab2a080 JavaThread "Unconstrained build operations Thread 4" [_thread_blocked, id=9032, stack(0x0000007284a00000,0x0000007284b00000)]
  0x000001e83ab314f0 JavaThread "Unconstrained build operations Thread 5" [_thread_blocked, id=4048, stack(0x0000007284b00000,0x0000007284c00000)]
  0x000001e83ab31a00 JavaThread "build event listener" [_thread_blocked, id=12020, stack(0x0000007284c00000,0x0000007284d00000)]
  0x000001e83ab2aaa0 JavaThread "Memory manager" [_thread_blocked, id=11432, stack(0x0000007284d00000,0x0000007284e00000)]
  0x000001e83ab30fe0 JavaThread "Cache worker for Build Output Cleanup Cache (C:\Users\user\Desktop\React\React Native\SiElit\android\.gradle\buildOutputCleanup)" [_thread_blocked, id=4084, stack(0x0000007284100000,0x0000007284200000)]
  0x000001e83ab2afb0 JavaThread "ForkJoinPool.commonPool-worker-1" daemon [_thread_blocked, id=17476, stack(0x0000007284200000,0x0000007284300000)]
  0x000001e83ab2dd40 JavaThread "ForkJoinPool.commonPool-worker-2" daemon [_thread_blocked, id=18364, stack(0x0000007284300000,0x0000007284400000)]
  0x000001e83d5cbd70 JavaThread "ForkJoinPool.commonPool-worker-3" daemon [_thread_blocked, id=18348, stack(0x0000007284400000,0x0000007284500000)]
  0x000001e83d5cd6c0 JavaThread "Exec process Thread 4" [_thread_blocked, id=8164, stack(0x0000007284e00000,0x0000007284f00000)]
  0x000001e83d5ceb00 JavaThread "Exec process Thread 5" [_thread_blocked, id=5724, stack(0x0000007284f00000,0x0000007285000000)]
  0x000001e83d5ce5f0 JavaThread "Exec process Thread 6" [_thread_blocked, id=9344, stack(0x0000007285000000,0x0000007285100000)]
  0x000001e83d5cb860 JavaThread "included builds" [_thread_blocked, id=17648, stack(0x0000007285100000,0x0000007285200000)]
  0x000001e83d5cf010 JavaThread "Execution worker" [_thread_blocked, id=3284, stack(0x0000007285200000,0x0000007285300000)]
  0x000001e83d5c8fe0 JavaThread "Execution worker Thread 2" [_thread_blocked, id=15828, stack(0x0000007285300000,0x0000007285400000)]
  0x000001e83d5c8ad0 JavaThread "Execution worker Thread 3" [_thread_blocked, id=5688, stack(0x0000007285400000,0x0000007285500000)]
  0x000001e83d5c94f0 JavaThread "Cache worker for execution history cache (C:\Users\user\Desktop\React\React Native\SiElit\node_modules\@react-native\gradle-plugin\.gradle\8.5\executionHistory)" [_thread_blocked, id=15956, stack(0x0000007285500000,0x0000007285600000)]
  0x000001e83d5cdbd0 JavaThread "Unconstrained build operations Thread 6" [_thread_blocked, id=16088, stack(0x0000007285600000,0x0000007285700000)]
  0x000001e83d5ce0e0 JavaThread "Unconstrained build operations Thread 7" [_thread_blocked, id=17912, stack(0x0000007285700000,0x0000007285800000)]
  0x000001e83d5c80b0 JavaThread "Unconstrained build operations Thread 8" [_thread_blocked, id=17908, stack(0x0000007285800000,0x0000007285900000)]
  0x000001e83d5c9a00 JavaThread "Unconstrained build operations Thread 9" [_thread_blocked, id=3272, stack(0x0000007285900000,0x0000007285a00000)]
  0x000001e83d5cfa30 JavaThread "Unconstrained build operations Thread 10" [_thread_blocked, id=16460, stack(0x0000007285a00000,0x0000007285b00000)]
  0x000001e83d5ccca0 JavaThread "Unconstrained build operations Thread 11" [_thread_blocked, id=15344, stack(0x0000007285b00000,0x0000007285c00000)]
  0x000001e83d5c85c0 JavaThread "Unconstrained build operations Thread 12" [_thread_blocked, id=15668, stack(0x0000007285d00000,0x0000007285e00000)]
  0x000001e83d5c9f10 JavaThread "Unconstrained build operations Thread 13" [_thread_blocked, id=17480, stack(0x0000007285e00000,0x0000007285f00000)]
  0x000001e83d5cd1b0 JavaThread "Unconstrained build operations Thread 14" [_thread_blocked, id=16792, stack(0x0000007285c00000,0x0000007285d00000)]
  0x000001e83d5cae40 JavaThread "Unconstrained build operations Thread 15" [_thread_blocked, id=4156, stack(0x0000007285f00000,0x0000007286000000)]
  0x000001e83d5ca420 JavaThread "Unconstrained build operations Thread 16" [_thread_blocked, id=12252, stack(0x0000007286000000,0x0000007286100000)]
  0x000001e83d5cc280 JavaThread "build event listener" [_thread_blocked, id=9864, stack(0x0000007286300000,0x0000007286400000)]
  0x000001e83b2c4be0 JavaThread "C2 CompilerThread1" daemon [_thread_in_native, id=6720, stack(0x0000007286400000,0x0000007286500000)]

Other Threads:
  0x000001e87e8f5c80 VMThread "VM Thread" [stack: 0x0000007281800000,0x0000007281900000] [id=17852]
  0x000001e81ac7cf20 WatcherThread [stack: 0x0000007282400000,0x0000007282500000] [id=17920]
  0x000001e8796ce7c0 GCTaskThread "GC Thread#0" [stack: 0x0000007281300000,0x0000007281400000] [id=17832]
  0x000001e81adf9df0 GCTaskThread "GC Thread#1" [stack: 0x0000007282500000,0x0000007282600000] [id=17928]
  0x000001e81adfa0b0 GCTaskThread "GC Thread#2" [stack: 0x0000007282600000,0x0000007282700000] [id=17932]
  0x000001e83a69f270 GCTaskThread "GC Thread#3" [stack: 0x0000007282700000,0x0000007282800000] [id=17960]
  0x000001e87b808e30 ConcurrentGCThread "G1 Main Marker" [stack: 0x0000007281400000,0x0000007281500000] [id=17836]
  0x000001e87b809660 ConcurrentGCThread "G1 Conc#0" [stack: 0x0000007281500000,0x0000007281600000] [id=17840]
  0x000001e87b85e6c0 ConcurrentGCThread "G1 Refine#0" [stack: 0x0000007281600000,0x0000007281700000] [id=17844]
  0x000001e87e7b0200 ConcurrentGCThread "G1 Service" [stack: 0x0000007281700000,0x0000007281800000] [id=17848]

Threads with active compile tasks:
C2 CompilerThread0   198959 11125       4       java.beans.MethodRef::set (58 bytes)
C2 CompilerThread1   198959 11128   !   4       java.lang.reflect.Executable::sharedToGenericString (255 bytes)

VM state: not at safepoint (normal execution)

VM Mutex/Monitor currently owned by a thread: None

Heap address: 0x0000000080000000, size: 2048 MB, Compressed Oops mode: 32-bit

CDS archive(s) mapped at: [0x000001e81b000000-0x000001e81bbb0000-0x000001e81bbb0000), size 12255232, SharedBaseAddress: 0x000001e81b000000, ArchiveRelocationMode: 1.
Compressed class space mapped at: 0x000001e81c000000-0x000001e836000000, reserved size: 436207616
Narrow klass base: 0x000001e81b000000, Narrow klass shift: 0, Narrow klass range: 0x100000000

GC Precious Log:
 CPUs: 4 total, 4 available
 Memory: 7971M
 Large Page Support: Disabled
 NUMA Support: Disabled
 Compressed Oops: Enabled (32-bit)
 Heap Region Size: 1M
 Heap Min Capacity: 8M
 Heap Initial Capacity: 126M
 Heap Max Capacity: 2G
 Pre-touch: Disabled
 Parallel Workers: 4
 Concurrent Workers: 1
 Concurrent Refinement Workers: 4
 Periodic GC: Disabled

Heap:
 garbage-first heap   total 174080K, used 121259K [0x0000000080000000, 0x0000000100000000)
  region size 1024K, 26 young (26624K), 3 survivors (3072K)
 Metaspace       used 89660K, committed 90624K, reserved 557056K
  class space    used 12486K, committed 12928K, reserved 425984K

Heap Regions: E=young(eden), S=young(survivor), O=old, HS=humongous(starts), HC=humongous(continues), CS=collection set, F=free, OA=open archive, CA=closed archive, TAMS=top-at-mark-start (previous, next)
|   0|0x0000000080000000, 0x0000000080100000, 0x0000000080100000|100%| O|  |TAMS 0x0000000080100000, 0x0000000080000000| Untracked 
|   1|0x0000000080100000, 0x0000000080200000, 0x0000000080200000|100%| O|  |TAMS 0x0000000080200000, 0x0000000080100000| Untracked 
|   2|0x0000000080200000, 0x0000000080300000, 0x0000000080300000|100%|HS|  |TAMS 0x0000000080300000, 0x0000000080200000| Complete 
|   3|0x0000000080300000, 0x0000000080400000, 0x0000000080400000|100%|HC|  |TAMS 0x0000000080400000, 0x0000000080300000| Complete 
|   4|0x0000000080400000, 0x0000000080500000, 0x0000000080500000|100%|HC|  |TAMS 0x0000000080500000, 0x0000000080400000| Complete 
|   5|0x0000000080500000, 0x0000000080600000, 0x0000000080600000|100%|HC|  |TAMS 0x0000000080600000, 0x0000000080500000| Complete 
|   6|0x0000000080600000, 0x0000000080700000, 0x0000000080700000|100%| O|  |TAMS 0x0000000080700000, 0x0000000080600000| Untracked 
|   7|0x0000000080700000, 0x0000000080800000, 0x0000000080800000|100%| O|  |TAMS 0x0000000080800000, 0x0000000080700000| Untracked 
|   8|0x0000000080800000, 0x0000000080900000, 0x0000000080900000|100%| O|  |TAMS 0x0000000080900000, 0x0000000080800000| Untracked 
|   9|0x0000000080900000, 0x0000000080a00000, 0x0000000080a00000|100%| O|  |TAMS 0x0000000080a00000, 0x0000000080900000| Untracked 
|  10|0x0000000080a00000, 0x0000000080b00000, 0x0000000080b00000|100%| O|  |TAMS 0x0000000080b00000, 0x0000000080a00000| Untracked 
|  11|0x0000000080b00000, 0x0000000080c00000, 0x0000000080c00000|100%| O|  |TAMS 0x0000000080c00000, 0x0000000080b00000| Untracked 
|  12|0x0000000080c00000, 0x0000000080c00000, 0x0000000080d00000|  0%| F|  |TAMS 0x0000000080c00000, 0x0000000080c00000| Untracked 
|  13|0x0000000080d00000, 0x0000000080e00000, 0x0000000080e00000|100%| O|  |TAMS 0x0000000080e00000, 0x0000000080d00000| Untracked 
|  14|0x0000000080e00000, 0x0000000080f00000, 0x0000000080f00000|100%| O|  |TAMS 0x0000000080f00000, 0x0000000080e00000| Untracked 
|  15|0x0000000080f00000, 0x0000000081000000, 0x0000000081000000|100%| O|  |TAMS 0x0000000081000000, 0x0000000080f00000| Untracked 
|  16|0x0000000081000000, 0x0000000081100000, 0x0000000081100000|100%| O|  |TAMS 0x0000000081100000, 0x0000000081000000| Untracked 
|  17|0x0000000081100000, 0x0000000081200000, 0x0000000081200000|100%| O|  |TAMS 0x0000000081200000, 0x0000000081100000| Untracked 
|  18|0x0000000081200000, 0x0000000081300000, 0x0000000081300000|100%| O|  |TAMS 0x0000000081300000, 0x0000000081200000| Untracked 
|  19|0x0000000081300000, 0x0000000081400000, 0x0000000081400000|100%| O|  |TAMS 0x0000000081400000, 0x0000000081300000| Untracked 
|  20|0x0000000081400000, 0x0000000081500000, 0x0000000081500000|100%| O|  |TAMS 0x0000000081500000, 0x0000000081400000| Untracked 
|  21|0x0000000081500000, 0x0000000081600000, 0x0000000081600000|100%| O|  |TAMS 0x0000000081600000, 0x0000000081500000| Untracked 
|  22|0x0000000081600000, 0x0000000081700000, 0x0000000081700000|100%| O|  |TAMS 0x0000000081700000, 0x0000000081600000| Untracked 
|  23|0x0000000081700000, 0x0000000081800000, 0x0000000081800000|100%| O|  |TAMS 0x0000000081800000, 0x0000000081700000| Untracked 
|  24|0x0000000081800000, 0x0000000081900000, 0x0000000081900000|100%| O|  |TAMS 0x0000000081900000, 0x0000000081800000| Untracked 
|  25|0x0000000081900000, 0x0000000081a00000, 0x0000000081a00000|100%| O|  |TAMS 0x0000000081a00000, 0x0000000081900000| Untracked 
|  26|0x0000000081a00000, 0x0000000081b00000, 0x0000000081b00000|100%| O|  |TAMS 0x0000000081b00000, 0x0000000081a00000| Untracked 
|  27|0x0000000081b00000, 0x0000000081c00000, 0x0000000081c00000|100%| O|  |TAMS 0x0000000081c00000, 0x0000000081b00000| Untracked 
|  28|0x0000000081c00000, 0x0000000081d00000, 0x0000000081d00000|100%| O|  |TAMS 0x0000000081d00000, 0x0000000081c00000| Untracked 
|  29|0x0000000081d00000, 0x0000000081e00000, 0x0000000081e00000|100%| O|  |TAMS 0x0000000081e00000, 0x0000000081d00000| Untracked 
|  30|0x0000000081e00000, 0x0000000081f00000, 0x0000000081f00000|100%| O|  |TAMS 0x0000000081f00000, 0x0000000081e00000| Untracked 
|  31|0x0000000081f00000, 0x0000000082000000, 0x0000000082000000|100%| O|  |TAMS 0x0000000082000000, 0x0000000081f00000| Untracked 
|  32|0x0000000082000000, 0x0000000082100000, 0x0000000082100000|100%| O|  |TAMS 0x0000000082100000, 0x0000000082000000| Untracked 
|  33|0x0000000082100000, 0x0000000082200000, 0x0000000082200000|100%| O|  |TAMS 0x0000000082200000, 0x0000000082100000| Untracked 
|  34|0x0000000082200000, 0x0000000082300000, 0x0000000082300000|100%| O|  |TAMS 0x0000000082300000, 0x0000000082200000| Untracked 
|  35|0x0000000082300000, 0x0000000082400000, 0x0000000082400000|100%| O|  |TAMS 0x0000000082400000, 0x0000000082300000| Untracked 
|  36|0x0000000082400000, 0x0000000082500000, 0x0000000082500000|100%| O|  |TAMS 0x0000000082500000, 0x0000000082400000| Untracked 
|  37|0x0000000082500000, 0x0000000082600000, 0x0000000082600000|100%| O|  |TAMS 0x0000000082600000, 0x0000000082500000| Untracked 
|  38|0x0000000082600000, 0x0000000082700000, 0x0000000082700000|100%| O|  |TAMS 0x0000000082700000, 0x0000000082600000| Untracked 
|  39|0x0000000082700000, 0x0000000082800000, 0x0000000082800000|100%| O|  |TAMS 0x0000000082800000, 0x0000000082700000| Untracked 
|  40|0x0000000082800000, 0x0000000082900000, 0x0000000082900000|100%| O|  |TAMS 0x0000000082900000, 0x0000000082800000| Untracked 
|  41|0x0000000082900000, 0x0000000082a00000, 0x0000000082a00000|100%| O|  |TAMS 0x0000000082a00000, 0x0000000082900000| Untracked 
|  42|0x0000000082a00000, 0x0000000082b00000, 0x0000000082b00000|100%| O|  |TAMS 0x0000000082b00000, 0x0000000082a00000| Untracked 
|  43|0x0000000082b00000, 0x0000000082c00000, 0x0000000082c00000|100%| O|  |TAMS 0x0000000082c00000, 0x0000000082b00000| Untracked 
|  44|0x0000000082c00000, 0x0000000082d00000, 0x0000000082d00000|100%| O|  |TAMS 0x0000000082d00000, 0x0000000082c00000| Untracked 
|  45|0x0000000082d00000, 0x0000000082e00000, 0x0000000082e00000|100%|HS|  |TAMS 0x0000000082e00000, 0x0000000082d00000| Complete 
|  46|0x0000000082e00000, 0x0000000082f00000, 0x0000000082f00000|100%|HC|  |TAMS 0x0000000082f00000, 0x0000000082e00000| Complete 
|  47|0x0000000082f00000, 0x0000000083000000, 0x0000000083000000|100%|HS|  |TAMS 0x0000000083000000, 0x0000000082f00000| Complete 
|  48|0x0000000083000000, 0x0000000083100000, 0x0000000083100000|100%|HC|  |TAMS 0x0000000083100000, 0x0000000083000000| Complete 
|  49|0x0000000083100000, 0x0000000083200000, 0x0000000083200000|100%| O|  |TAMS 0x0000000083200000, 0x0000000083100000| Untracked 
|  50|0x0000000083200000, 0x0000000083300000, 0x0000000083300000|100%| O|  |TAMS 0x0000000083300000, 0x0000000083200000| Untracked 
|  51|0x0000000083300000, 0x0000000083400000, 0x0000000083400000|100%| O|  |TAMS 0x0000000083400000, 0x0000000083300000| Untracked 
|  52|0x0000000083400000, 0x0000000083500000, 0x0000000083500000|100%|HS|  |TAMS 0x0000000083500000, 0x0000000083400000| Complete 
|  53|0x0000000083500000, 0x0000000083600000, 0x0000000083600000|100%|HC|  |TAMS 0x0000000083600000, 0x0000000083500000| Complete 
|  54|0x0000000083600000, 0x0000000083700000, 0x0000000083700000|100%|HC|  |TAMS 0x0000000083700000, 0x0000000083600000| Complete 
|  55|0x0000000083700000, 0x0000000083800000, 0x0000000083800000|100%|HC|  |TAMS 0x0000000083800000, 0x0000000083700000| Complete 
|  56|0x0000000083800000, 0x0000000083900000, 0x0000000083900000|100%| O|  |TAMS 0x0000000083900000, 0x0000000083800000| Untracked 
|  57|0x0000000083900000, 0x0000000083a00000, 0x0000000083a00000|100%| O|  |TAMS 0x0000000083900000, 0x0000000083900000| Untracked 
|  58|0x0000000083a00000, 0x0000000083b00000, 0x0000000083b00000|100%|HS|  |TAMS 0x0000000083b00000, 0x0000000083a00000| Complete 
|  59|0x0000000083b00000, 0x0000000083c00000, 0x0000000083c00000|100%|HC|  |TAMS 0x0000000083c00000, 0x0000000083b00000| Complete 
|  60|0x0000000083c00000, 0x0000000083d00000, 0x0000000083d00000|100%|HC|  |TAMS 0x0000000083d00000, 0x0000000083c00000| Complete 
|  61|0x0000000083d00000, 0x0000000083e00000, 0x0000000083e00000|100%|HC|  |TAMS 0x0000000083e00000, 0x0000000083d00000| Complete 
|  62|0x0000000083e00000, 0x0000000083f00000, 0x0000000083f00000|100%| O|  |TAMS 0x0000000083f00000, 0x0000000083e00000| Untracked 
|  63|0x0000000083f00000, 0x0000000084000000, 0x0000000084000000|100%| O|  |TAMS 0x0000000084000000, 0x0000000083f00000| Untracked 
|  64|0x0000000084000000, 0x0000000084100000, 0x0000000084100000|100%| O|  |TAMS 0x0000000084100000, 0x0000000084000000| Untracked 
|  65|0x0000000084100000, 0x0000000084200000, 0x0000000084200000|100%| O|  |TAMS 0x0000000084200000, 0x0000000084100000| Untracked 
|  66|0x0000000084200000, 0x0000000084300000, 0x0000000084300000|100%| O|  |TAMS 0x0000000084300000, 0x0000000084200000| Untracked 
|  67|0x0000000084300000, 0x0000000084400000, 0x0000000084400000|100%| O|  |TAMS 0x0000000084400000, 0x0000000084300000| Untracked 
|  68|0x0000000084400000, 0x0000000084500000, 0x0000000084500000|100%| O|  |TAMS 0x0000000084500000, 0x0000000084400000| Untracked 
|  69|0x0000000084500000, 0x0000000084600000, 0x0000000084600000|100%| O|  |TAMS 0x0000000084600000, 0x0000000084500000| Untracked 
|  70|0x0000000084600000, 0x0000000084700000, 0x0000000084700000|100%| O|  |TAMS 0x0000000084700000, 0x0000000084600000| Untracked 
|  71|0x0000000084700000, 0x0000000084800000, 0x0000000084800000|100%| O|  |TAMS 0x0000000084800000, 0x0000000084700000| Untracked 
|  72|0x0000000084800000, 0x0000000084900000, 0x0000000084900000|100%| O|  |TAMS 0x0000000084900000, 0x0000000084800000| Untracked 
|  73|0x0000000084900000, 0x0000000084a00000, 0x0000000084a00000|100%| O|  |TAMS 0x0000000084a00000, 0x0000000084900000| Untracked 
|  74|0x0000000084a00000, 0x0000000084b00000, 0x0000000084b00000|100%| O|  |TAMS 0x0000000084b00000, 0x0000000084a00000| Untracked 
|  75|0x0000000084b00000, 0x0000000084c00000, 0x0000000084c00000|100%|HS|  |TAMS 0x0000000084c00000, 0x0000000084b00000| Complete 
|  76|0x0000000084c00000, 0x0000000084d00000, 0x0000000084d00000|100%|HS|  |TAMS 0x0000000084d00000, 0x0000000084c00000| Complete 
|  77|0x0000000084d00000, 0x0000000084e00000, 0x0000000084e00000|100%|HS|  |TAMS 0x0000000084e00000, 0x0000000084d00000| Complete 
|  78|0x0000000084e00000, 0x0000000084f00000, 0x0000000084f00000|100%| O|  |TAMS 0x0000000084f00000, 0x0000000084e00000| Untracked 
|  79|0x0000000084f00000, 0x0000000085000000, 0x0000000085000000|100%| O|  |TAMS 0x0000000085000000, 0x0000000084f00000| Untracked 
|  80|0x0000000085000000, 0x0000000085100000, 0x0000000085100000|100%| O|  |TAMS 0x0000000085100000, 0x0000000085000000| Untracked 
|  81|0x0000000085100000, 0x0000000085200000, 0x0000000085200000|100%|HS|  |TAMS 0x0000000085200000, 0x0000000085100000| Complete 
|  82|0x0000000085200000, 0x0000000085300000, 0x0000000085300000|100%|HS|  |TAMS 0x0000000085300000, 0x0000000085200000| Complete 
|  83|0x0000000085300000, 0x0000000085400000, 0x0000000085400000|100%| O|  |TAMS 0x0000000085400000, 0x0000000085300000| Untracked 
|  84|0x0000000085400000, 0x0000000085500000, 0x0000000085500000|100%| O|  |TAMS 0x0000000085500000, 0x0000000085400000| Untracked 
|  85|0x0000000085500000, 0x0000000085600000, 0x0000000085600000|100%| O|  |TAMS 0x0000000085600000, 0x0000000085500000| Untracked 
|  86|0x0000000085600000, 0x0000000085700000, 0x0000000085700000|100%| O|  |TAMS 0x0000000085700000, 0x0000000085600000| Untracked 
|  87|0x0000000085700000, 0x0000000085800000, 0x0000000085800000|100%| O|  |TAMS 0x0000000085800000, 0x0000000085700000| Untracked 
|  88|0x0000000085800000, 0x0000000085900000, 0x0000000085900000|100%| O|  |TAMS 0x0000000085900000, 0x0000000085800000| Untracked 
|  89|0x0000000085900000, 0x0000000085a00000, 0x0000000085a00000|100%| O|  |TAMS 0x0000000085a00000, 0x0000000085900000| Untracked 
|  90|0x0000000085a00000, 0x0000000085b00000, 0x0000000085b00000|100%| O|  |TAMS 0x0000000085b00000, 0x0000000085a00000| Untracked 
|  91|0x0000000085b00000, 0x0000000085c00000, 0x0000000085c00000|100%| O|  |TAMS 0x0000000085bcaa00, 0x0000000085b00000| Untracked 
|  92|0x0000000085c00000, 0x0000000085d00000, 0x0000000085d00000|100%| O|  |TAMS 0x0000000085c00000, 0x0000000085c00000| Untracked 
|  93|0x0000000085d00000, 0x0000000085e00000, 0x0000000085e00000|100%| O|  |TAMS 0x0000000085d00000, 0x0000000085d00000| Untracked 
|  94|0x0000000085e00000, 0x0000000085f00000, 0x0000000085f00000|100%| O|  |TAMS 0x0000000085f00000, 0x0000000085e00000| Untracked 
|  95|0x0000000085f00000, 0x0000000085f3d400, 0x0000000086000000| 23%| O|  |TAMS 0x0000000085f00000, 0x0000000085f00000| Untracked 
|  96|0x0000000086000000, 0x0000000086000000, 0x0000000086100000|  0%| F|  |TAMS 0x0000000086000000, 0x0000000086000000| Untracked 
|  97|0x0000000086100000, 0x0000000086100000, 0x0000000086200000|  0%| F|  |TAMS 0x0000000086100000, 0x0000000086100000| Untracked 
|  98|0x0000000086200000, 0x0000000086200000, 0x0000000086300000|  0%| F|  |TAMS 0x0000000086200000, 0x0000000086200000| Untracked 
|  99|0x0000000086300000, 0x0000000086300000, 0x0000000086400000|  0%| F|  |TAMS 0x0000000086300000, 0x0000000086300000| Untracked 
| 100|0x0000000086400000, 0x0000000086400000, 0x0000000086500000|  0%| F|  |TAMS 0x0000000086400000, 0x0000000086400000| Untracked 
| 101|0x0000000086500000, 0x0000000086500000, 0x0000000086600000|  0%| F|  |TAMS 0x0000000086500000, 0x0000000086500000| Untracked 
| 102|0x0000000086600000, 0x0000000086600000, 0x0000000086700000|  0%| F|  |TAMS 0x0000000086600000, 0x0000000086600000| Untracked 
| 103|0x0000000086700000, 0x0000000086700000, 0x0000000086800000|  0%| F|  |TAMS 0x0000000086700000, 0x0000000086700000| Untracked 
| 104|0x0000000086800000, 0x0000000086800000, 0x0000000086900000|  0%| F|  |TAMS 0x0000000086800000, 0x0000000086800000| Untracked 
| 105|0x0000000086900000, 0x0000000086900000, 0x0000000086a00000|  0%| F|  |TAMS 0x0000000086900000, 0x0000000086900000| Untracked 
| 106|0x0000000086a00000, 0x0000000086a00000, 0x0000000086b00000|  0%| F|  |TAMS 0x0000000086a00000, 0x0000000086a00000| Untracked 
| 107|0x0000000086b00000, 0x0000000086b00000, 0x0000000086c00000|  0%| F|  |TAMS 0x0000000086b00000, 0x0000000086b00000| Untracked 
| 108|0x0000000086c00000, 0x0000000086c00000, 0x0000000086d00000|  0%| F|  |TAMS 0x0000000086c00000, 0x0000000086c00000| Untracked 
| 109|0x0000000086d00000, 0x0000000086d00000, 0x0000000086e00000|  0%| F|  |TAMS 0x0000000086d00000, 0x0000000086d00000| Untracked 
| 110|0x0000000086e00000, 0x0000000086e00000, 0x0000000086f00000|  0%| F|  |TAMS 0x0000000086e00000, 0x0000000086e00000| Untracked 
| 111|0x0000000086f00000, 0x0000000086f00000, 0x0000000087000000|  0%| F|  |TAMS 0x0000000086f00000, 0x0000000086f00000| Untracked 
| 112|0x0000000087000000, 0x0000000087000000, 0x0000000087100000|  0%| F|  |TAMS 0x0000000087000000, 0x0000000087000000| Untracked 
| 113|0x0000000087100000, 0x0000000087100000, 0x0000000087200000|  0%| F|  |TAMS 0x0000000087100000, 0x0000000087100000| Untracked 
| 114|0x0000000087200000, 0x0000000087200000, 0x0000000087300000|  0%| F|  |TAMS 0x0000000087200000, 0x0000000087200000| Untracked 
| 115|0x0000000087300000, 0x0000000087300000, 0x0000000087400000|  0%| F|  |TAMS 0x0000000087300000, 0x0000000087300000| Untracked 
| 116|0x0000000087400000, 0x0000000087400000, 0x0000000087500000|  0%| F|  |TAMS 0x0000000087400000, 0x0000000087400000| Untracked 
| 117|0x0000000087500000, 0x0000000087500000, 0x0000000087600000|  0%| F|  |TAMS 0x0000000087500000, 0x0000000087500000| Untracked 
| 118|0x0000000087600000, 0x0000000087600000, 0x0000000087700000|  0%| F|  |TAMS 0x0000000087600000, 0x0000000087600000| Untracked 
| 119|0x0000000087700000, 0x0000000087700000, 0x0000000087800000|  0%| F|  |TAMS 0x0000000087700000, 0x0000000087700000| Untracked 
| 120|0x0000000087800000, 0x0000000087800000, 0x0000000087900000|  0%| F|  |TAMS 0x0000000087800000, 0x0000000087800000| Untracked 
| 121|0x0000000087900000, 0x0000000087900000, 0x0000000087a00000|  0%| F|  |TAMS 0x0000000087900000, 0x0000000087900000| Untracked 
| 122|0x0000000087a00000, 0x0000000087a00000, 0x0000000087b00000|  0%| F|  |TAMS 0x0000000087a00000, 0x0000000087a00000| Untracked 
| 123|0x0000000087b00000, 0x0000000087b00000, 0x0000000087c00000|  0%| F|  |TAMS 0x0000000087b00000, 0x0000000087b00000| Untracked 
| 124|0x0000000087c00000, 0x0000000087c00000, 0x0000000087d00000|  0%| F|  |TAMS 0x0000000087c00000, 0x0000000087c00000| Untracked 
| 125|0x0000000087d00000, 0x0000000087d00000, 0x0000000087e00000|  0%| F|  |TAMS 0x0000000087d00000, 0x0000000087d00000| Untracked 
| 126|0x0000000087e00000, 0x0000000087e00000, 0x0000000087f00000|  0%| F|  |TAMS 0x0000000087e00000, 0x0000000087e00000| Untracked 
| 127|0x0000000087f00000, 0x0000000087f00000, 0x0000000088000000|  0%| F|  |TAMS 0x0000000087f00000, 0x0000000087f00000| Untracked 
| 128|0x0000000088000000, 0x000000008802da60, 0x0000000088100000| 17%| S|CS|TAMS 0x0000000088000000, 0x0000000088000000| Complete 
| 129|0x0000000088100000, 0x0000000088200000, 0x0000000088200000|100%| S|CS|TAMS 0x0000000088100000, 0x0000000088100000| Complete 
| 130|0x0000000088200000, 0x0000000088300000, 0x0000000088300000|100%| S|CS|TAMS 0x0000000088200000, 0x0000000088200000| Complete 
| 131|0x0000000088300000, 0x0000000088300000, 0x0000000088400000|  0%| F|  |TAMS 0x0000000088300000, 0x0000000088300000| Untracked 
| 132|0x0000000088400000, 0x0000000088400000, 0x0000000088500000|  0%| F|  |TAMS 0x0000000088400000, 0x0000000088400000| Untracked 
| 133|0x0000000088500000, 0x0000000088500000, 0x0000000088600000|  0%| F|  |TAMS 0x0000000088500000, 0x0000000088500000| Untracked 
| 134|0x0000000088600000, 0x0000000088600000, 0x0000000088700000|  0%| F|  |TAMS 0x0000000088600000, 0x0000000088600000| Untracked 
| 135|0x0000000088700000, 0x0000000088700000, 0x0000000088800000|  0%| F|  |TAMS 0x0000000088700000, 0x0000000088700000| Untracked 
| 136|0x0000000088800000, 0x0000000088800000, 0x0000000088900000|  0%| F|  |TAMS 0x0000000088800000, 0x0000000088800000| Untracked 
| 137|0x0000000088900000, 0x0000000088900000, 0x0000000088a00000|  0%| F|  |TAMS 0x0000000088900000, 0x0000000088900000| Untracked 
| 138|0x0000000088a00000, 0x0000000088a00000, 0x0000000088b00000|  0%| F|  |TAMS 0x0000000088a00000, 0x0000000088a00000| Untracked 
| 139|0x0000000088b00000, 0x0000000088b00000, 0x0000000088c00000|  0%| F|  |TAMS 0x0000000088b00000, 0x0000000088b00000| Untracked 
| 140|0x0000000088c00000, 0x0000000088c00000, 0x0000000088d00000|  0%| F|  |TAMS 0x0000000088c00000, 0x0000000088c00000| Untracked 
| 141|0x0000000088d00000, 0x0000000088d00000, 0x0000000088e00000|  0%| F|  |TAMS 0x0000000088d00000, 0x0000000088d00000| Untracked 
| 142|0x0000000088e00000, 0x0000000088e00000, 0x0000000088f00000|  0%| F|  |TAMS 0x0000000088e00000, 0x0000000088e00000| Untracked 
| 143|0x0000000088f00000, 0x0000000088f00000, 0x0000000089000000|  0%| F|  |TAMS 0x0000000088f00000, 0x0000000088f00000| Untracked 
| 144|0x0000000089000000, 0x0000000089000000, 0x0000000089100000|  0%| F|  |TAMS 0x0000000089000000, 0x0000000089000000| Untracked 
| 145|0x0000000089100000, 0x0000000089100000, 0x0000000089200000|  0%| F|  |TAMS 0x0000000089100000, 0x0000000089100000| Untracked 
| 146|0x0000000089200000, 0x0000000089200000, 0x0000000089300000|  0%| F|  |TAMS 0x0000000089200000, 0x0000000089200000| Untracked 
| 147|0x0000000089300000, 0x0000000089400000, 0x0000000089400000|100%| E|  |TAMS 0x0000000089300000, 0x0000000089300000| Complete 
| 148|0x0000000089400000, 0x0000000089500000, 0x0000000089500000|100%| E|CS|TAMS 0x0000000089400000, 0x0000000089400000| Complete 
| 149|0x0000000089500000, 0x0000000089600000, 0x0000000089600000|100%| E|CS|TAMS 0x0000000089500000, 0x0000000089500000| Complete 
| 150|0x0000000089600000, 0x0000000089700000, 0x0000000089700000|100%| E|CS|TAMS 0x0000000089600000, 0x0000000089600000| Complete 
| 151|0x0000000089700000, 0x0000000089800000, 0x0000000089800000|100%| E|CS|TAMS 0x0000000089700000, 0x0000000089700000| Complete 
| 152|0x0000000089800000, 0x0000000089900000, 0x0000000089900000|100%| E|CS|TAMS 0x0000000089800000, 0x0000000089800000| Complete 
| 153|0x0000000089900000, 0x0000000089a00000, 0x0000000089a00000|100%| E|CS|TAMS 0x0000000089900000, 0x0000000089900000| Complete 
| 154|0x0000000089a00000, 0x0000000089b00000, 0x0000000089b00000|100%| E|CS|TAMS 0x0000000089a00000, 0x0000000089a00000| Complete 
| 155|0x0000000089b00000, 0x0000000089c00000, 0x0000000089c00000|100%| E|CS|TAMS 0x0000000089b00000, 0x0000000089b00000| Complete 
| 156|0x0000000089c00000, 0x0000000089d00000, 0x0000000089d00000|100%| E|CS|TAMS 0x0000000089c00000, 0x0000000089c00000| Complete 
| 157|0x0000000089d00000, 0x0000000089e00000, 0x0000000089e00000|100%| E|CS|TAMS 0x0000000089d00000, 0x0000000089d00000| Complete 
| 158|0x0000000089e00000, 0x0000000089f00000, 0x0000000089f00000|100%| E|CS|TAMS 0x0000000089e00000, 0x0000000089e00000| Complete 
| 159|0x0000000089f00000, 0x000000008a000000, 0x000000008a000000|100%| E|CS|TAMS 0x0000000089f00000, 0x0000000089f00000| Complete 
| 160|0x000000008a000000, 0x000000008a100000, 0x000000008a100000|100%| E|CS|TAMS 0x000000008a000000, 0x000000008a000000| Complete 
| 161|0x000000008a100000, 0x000000008a200000, 0x000000008a200000|100%| E|CS|TAMS 0x000000008a100000, 0x000000008a100000| Complete 
| 162|0x000000008a200000, 0x000000008a300000, 0x000000008a300000|100%| E|CS|TAMS 0x000000008a200000, 0x000000008a200000| Complete 
| 163|0x000000008a300000, 0x000000008a400000, 0x000000008a400000|100%| E|CS|TAMS 0x000000008a300000, 0x000000008a300000| Complete 
| 164|0x000000008a400000, 0x000000008a500000, 0x000000008a500000|100%| E|CS|TAMS 0x000000008a400000, 0x000000008a400000| Complete 
| 165|0x000000008a500000, 0x000000008a600000, 0x000000008a600000|100%| E|CS|TAMS 0x000000008a500000, 0x000000008a500000| Complete 
| 166|0x000000008a600000, 0x000000008a700000, 0x000000008a700000|100%| E|CS|TAMS 0x000000008a600000, 0x000000008a600000| Complete 
| 167|0x000000008a700000, 0x000000008a800000, 0x000000008a800000|100%| E|CS|TAMS 0x000000008a700000, 0x000000008a700000| Complete 
| 168|0x000000008a800000, 0x000000008a900000, 0x000000008a900000|100%| E|CS|TAMS 0x000000008a800000, 0x000000008a800000| Complete 
| 169|0x000000008a900000, 0x000000008aa00000, 0x000000008aa00000|100%| E|CS|TAMS 0x000000008a900000, 0x000000008a900000| Complete 

Card table byte_map: [0x000001e87bc60000,0x000001e87c060000] _byte_map_base: 0x000001e87b860000

Marking Bits (Prev, Next): (CMBitMap*) 0x000001e87b7f8500, (CMBitMap*) 0x000001e87b7f8540
 Prev Bits: [0x000001e87c460000, 0x000001e87e460000)
 Next Bits: [0x000001e816a70000, 0x000001e818a70000)

Polling page: 0x000001e87af60000

Metaspace:

Usage:
  Non-class:     75.37 MB used.
      Class:     12.19 MB used.
       Both:     87.56 MB used.

Virtual space:
  Non-class space:      128.00 MB reserved,      75.88 MB ( 59%) committed,  2 nodes.
      Class space:      416.00 MB reserved,      12.62 MB (  3%) committed,  1 nodes.
             Both:      544.00 MB reserved,      88.50 MB ( 16%) committed. 

Chunk freelists:
   Non-Class:  3.48 MB
       Class:  3.35 MB
        Both:  6.83 MB

MaxMetaspaceSize: 512.00 MB
CompressedClassSpaceSize: 416.00 MB
Initial GC threshold: 21.00 MB
Current GC threshold: 140.12 MB
CDS: on
MetaspaceReclaimPolicy: balanced
 - commit_granule_bytes: 65536.
 - commit_granule_words: 8192.
 - virtual_space_node_default_size: 8388608.
 - enlarge_chunks_in_place: 1.
 - new_chunks_are_fully_committed: 0.
 - uncommit_free_chunks: 1.
 - use_allocation_guard: 0.
 - handle_deallocations: 1.


Internal statistics:

num_allocs_failed_limit: 8.
num_arena_births: 1188.
num_arena_deaths: 0.
num_vsnodes_births: 3.
num_vsnodes_deaths: 0.
num_space_committed: 1416.
num_space_uncommitted: 0.
num_chunks_returned_to_freelist: 8.
num_chunks_taken_from_freelist: 4921.
num_chunk_merges: 8.
num_chunk_splits: 3184.
num_chunks_enlarged: 2029.
num_inconsistent_stats: 0.

CodeHeap 'non-profiled nmethods': size=120000Kb used=6199Kb max_used=6199Kb free=113800Kb
 bounds [0x000001e80f540000, 0x000001e80fb50000, 0x000001e816a70000]
CodeHeap 'profiled nmethods': size=120000Kb used=18837Kb max_used=18837Kb free=101162Kb
 bounds [0x000001e807a70000, 0x000001e808ce0000, 0x000001e80efa0000]
CodeHeap 'non-nmethods': size=5760Kb used=2436Kb max_used=2521Kb free=3323Kb
 bounds [0x000001e80efa0000, 0x000001e80f220000, 0x000001e80f540000]
 total_blobs=10554 nmethods=9593 adapters=874
 compilation: enabled
              stopped_count=0, restarted_count=0
 full_count=0

Compilation events (20 events):
Event: 198.842 Thread 0x000001e87e921fc0 11142       3       org.gradle.internal.metaobject.BeanDynamicObject::access$400 (5 bytes)
Event: 198.843 Thread 0x000001e87e921fc0 nmethod 11142 0x000001e808465f10 code [0x000001e8084660a0, 0x000001e8084661c8]
Event: 198.843 Thread 0x000001e87e921fc0 11143       3       org.gradle.internal.metaobject.BeanDynamicObject::getMetaClass (39 bytes)
Event: 198.843 Thread 0x000001e87e921fc0 nmethod 11143 0x000001e808cd8610 code [0x000001e808cd8820, 0x000001e808cd8fc8]
Event: 198.852 Thread 0x000001e87e921fc0 11144       1       org.gradle.api.attributes.Category$Impl::isImmutable (3 bytes)
Event: 198.852 Thread 0x000001e87e921fc0 nmethod 11144 0x000001e80fb4da10 code [0x000001e80fb4dba0, 0x000001e80fb4dc78]
Event: 198.852 Thread 0x000001e87e921fc0 11145       3       org.gradle.internal.typeconversion.TypedNotationConverter::<init> (30 bytes)
Event: 198.853 Thread 0x000001e87e921fc0 nmethod 11145 0x000001e808cd9210 code [0x000001e808cd93a0, 0x000001e808cd9578]
Event: 198.853 Thread 0x000001e87e921fc0 11146       3       java.math.MutableBigInteger::<init> (21 bytes)
Event: 198.854 Thread 0x000001e87e921fc0 nmethod 11146 0x000001e808cd9610 code [0x000001e808cd97a0, 0x000001e808cd9978]
Event: 198.856 Thread 0x000001e87e921fc0 11147       3       java.math.MutableBigInteger::toBigInteger (28 bytes)
Event: 198.856 Thread 0x000001e87e921fc0 nmethod 11147 0x000001e808cd9a90 code [0x000001e808cd9c40, 0x000001e808cd9ed8]
Event: 198.872 Thread 0x000001e87e921fc0 11148       3       java.util.concurrent.locks.ReentrantLock::newCondition (8 bytes)
Event: 198.872 Thread 0x000001e87e921fc0 nmethod 11148 0x000001e808cda010 code [0x000001e808cda1c0, 0x000001e808cda4b8]
Event: 198.872 Thread 0x000001e87e921fc0 11149       3       java.util.concurrent.locks.ReentrantLock$Sync::newCondition (9 bytes)
Event: 198.872 Thread 0x000001e87e921fc0 nmethod 11149 0x000001e808cda610 code [0x000001e808cda7c0, 0x000001e808cdaa38]
Event: 198.902 Thread 0x000001e87e921fc0 11150   !   3       org.gradle.internal.metaobject.BeanDynamicObject$MetaClassAdapter::lookupProperty (79 bytes)
Event: 198.903 Thread 0x000001e87e921fc0 nmethod 11150 0x000001e808cdab10 code [0x000001e808cdadc0, 0x000001e808cdbe68]
Event: 198.903 Thread 0x000001e87e921fc0 11151       3       org.gradle.internal.metaobject.BeanDynamicObject::access$1100 (4 bytes)
Event: 198.903 Thread 0x000001e87e921fc0 nmethod 11151 0x000001e807ec2010 code [0x000001e807ec21a0, 0x000001e807ec2298]

GC Heap History (20 events):
Event: 170.483 GC heap before
{Heap before GC invocations=48 (full 0):
 garbage-first heap   total 148480K, used 100520K [0x0000000080000000, 0x0000000100000000)
  region size 1024K, 18 young (18432K), 3 survivors (3072K)
 Metaspace       used 77350K, committed 78208K, reserved 557056K
  class space    used 10868K, committed 11264K, reserved 425984K
}
Event: 170.489 GC heap after
{Heap after GC invocations=49 (full 0):
 garbage-first heap   total 148480K, used 88531K [0x0000000080000000, 0x0000000100000000)
  region size 1024K, 3 young (3072K), 3 survivors (3072K)
 Metaspace       used 77350K, committed 78208K, reserved 557056K
  class space    used 10868K, committed 11264K, reserved 425984K
}
Event: 172.243 GC heap before
{Heap before GC invocations=50 (full 0):
 garbage-first heap   total 157696K, used 109011K [0x0000000080000000, 0x0000000100000000)
  region size 1024K, 23 young (23552K), 3 survivors (3072K)
 Metaspace       used 78875K, committed 79808K, reserved 557056K
  class space    used 11051K, committed 11520K, reserved 425984K
}
Event: 172.252 GC heap after
{Heap after GC invocations=51 (full 0):
 garbage-first heap   total 157696K, used 90311K [0x0000000080000000, 0x0000000100000000)
  region size 1024K, 1 young (1024K), 1 survivors (1024K)
 Metaspace       used 78875K, committed 79808K, reserved 557056K
  class space    used 11051K, committed 11520K, reserved 425984K
}
Event: 172.738 GC heap before
{Heap before GC invocations=51 (full 0):
 garbage-first heap   total 157696K, used 95431K [0x0000000080000000, 0x0000000100000000)
  region size 1024K, 7 young (7168K), 1 survivors (1024K)
 Metaspace       used 79533K, committed 80384K, reserved 557056K
  class space    used 11102K, committed 11520K, reserved 425984K
}
Event: 172.743 GC heap after
{Heap after GC invocations=52 (full 0):
 garbage-first heap   total 157696K, used 89814K [0x0000000080000000, 0x0000000100000000)
  region size 1024K, 1 young (1024K), 1 survivors (1024K)
 Metaspace       used 79533K, committed 80384K, reserved 557056K
  class space    used 11102K, committed 11520K, reserved 425984K
}
Event: 176.423 GC heap before
{Heap before GC invocations=52 (full 0):
 garbage-first heap   total 157696K, used 113366K [0x0000000080000000, 0x0000000100000000)
  region size 1024K, 26 young (26624K), 1 survivors (1024K)
 Metaspace       used 81149K, committed 82048K, reserved 557056K
  class space    used 11319K, committed 11776K, reserved 425984K
}
Event: 176.429 GC heap after
{Heap after GC invocations=53 (full 0):
 garbage-first heap   total 157696K, used 91403K [0x0000000080000000, 0x0000000100000000)
  region size 1024K, 2 young (2048K), 2 survivors (2048K)
 Metaspace       used 81149K, committed 82048K, reserved 557056K
  class space    used 11319K, committed 11776K, reserved 425984K
}
Event: 179.090 GC heap before
{Heap before GC invocations=54 (full 0):
 garbage-first heap   total 174080K, used 126219K [0x0000000080000000, 0x0000000100000000)
  region size 1024K, 30 young (30720K), 2 survivors (2048K)
 Metaspace       used 82332K, committed 83200K, reserved 557056K
  class space    used 11483K, committed 11904K, reserved 425984K
}
Event: 179.099 GC heap after
{Heap after GC invocations=55 (full 0):
 garbage-first heap   total 174080K, used 94254K [0x0000000080000000, 0x0000000100000000)
  region size 1024K, 4 young (4096K), 4 survivors (4096K)
 Metaspace       used 82332K, committed 83200K, reserved 557056K
  class space    used 11483K, committed 11904K, reserved 425984K
}
Event: 179.354 GC heap before
{Heap before GC invocations=55 (full 0):
 garbage-first heap   total 174080K, used 97326K [0x0000000080000000, 0x0000000100000000)
  region size 1024K, 8 young (8192K), 4 survivors (4096K)
 Metaspace       used 82598K, committed 83520K, reserved 557056K
  class space    used 11523K, committed 11968K, reserved 425984K
}
Event: 179.364 GC heap after
{Heap after GC invocations=56 (full 0):
 garbage-first heap   total 174080K, used 94476K [0x0000000080000000, 0x0000000100000000)
  region size 1024K, 1 young (1024K), 1 survivors (1024K)
 Metaspace       used 82598K, committed 83520K, reserved 557056K
  class space    used 11523K, committed 11968K, reserved 425984K
}
Event: 189.121 GC heap before
{Heap before GC invocations=56 (full 0):
 garbage-first heap   total 174080K, used 130316K [0x0000000080000000, 0x0000000100000000)
  region size 1024K, 36 young (36864K), 1 survivors (1024K)
 Metaspace       used 84903K, committed 85760K, reserved 557056K
  class space    used 11817K, committed 12224K, reserved 425984K
}
Event: 189.126 GC heap after
{Heap after GC invocations=57 (full 0):
 garbage-first heap   total 174080K, used 95928K [0x0000000080000000, 0x0000000100000000)
  region size 1024K, 2 young (2048K), 2 survivors (2048K)
 Metaspace       used 84903K, committed 85760K, reserved 557056K
  class space    used 11817K, committed 12224K, reserved 425984K
}
Event: 196.190 GC heap before
{Heap before GC invocations=58 (full 0):
 garbage-first heap   total 174080K, used 132792K [0x0000000080000000, 0x0000000100000000)
  region size 1024K, 38 young (38912K), 2 survivors (2048K)
 Metaspace       used 87529K, committed 88384K, reserved 557056K
  class space    used 12187K, committed 12608K, reserved 425984K
}
Event: 196.195 GC heap after
{Heap after GC invocations=59 (full 0):
 garbage-first heap   total 174080K, used 97030K [0x0000000080000000, 0x0000000100000000)
  region size 1024K, 3 young (3072K), 3 survivors (3072K)
 Metaspace       used 87529K, committed 88384K, reserved 557056K
  class space    used 12187K, committed 12608K, reserved 425984K
}
Event: 196.834 GC heap before
{Heap before GC invocations=59 (full 0):
 garbage-first heap   total 174080K, used 101126K [0x0000000080000000, 0x0000000100000000)
  region size 1024K, 8 young (8192K), 3 survivors (3072K)
 Metaspace       used 87792K, committed 88704K, reserved 557056K
  class space    used 12222K, committed 12672K, reserved 425984K
}
Event: 196.840 GC heap after
{Heap after GC invocations=60 (full 0):
 garbage-first heap   total 174080K, used 97278K [0x0000000080000000, 0x0000000100000000)
  region size 1024K, 1 young (1024K), 1 survivors (1024K)
 Metaspace       used 87792K, committed 88704K, reserved 557056K
  class space    used 12222K, committed 12672K, reserved 425984K
}
Event: 198.403 GC heap before
{Heap before GC invocations=60 (full 0):
 garbage-first heap   total 174080K, used 136190K [0x0000000080000000, 0x0000000100000000)
  region size 1024K, 39 young (39936K), 1 survivors (1024K)
 Metaspace       used 89495K, committed 90432K, reserved 557056K
  class space    used 12470K, committed 12928K, reserved 425984K
}
Event: 198.410 GC heap after
{Heap after GC invocations=61 (full 0):
 garbage-first heap   total 174080K, used 98731K [0x0000000080000000, 0x0000000100000000)
  region size 1024K, 3 young (3072K), 3 survivors (3072K)
 Metaspace       used 89495K, committed 90432K, reserved 557056K
  class space    used 12470K, committed 12928K, reserved 425984K
}

Dll operation events (15 events):
Event: 0.014 Loaded shared library C:\Program Files\Microsoft\jdk-17.0.11.9-hotspot\bin\java.dll
Event: 0.153 Loaded shared library C:\Program Files\Microsoft\jdk-17.0.11.9-hotspot\bin\jsvml.dll
Event: 0.601 Loaded shared library C:\Program Files\Microsoft\jdk-17.0.11.9-hotspot\bin\zip.dll
Event: 0.606 Loaded shared library C:\Program Files\Microsoft\jdk-17.0.11.9-hotspot\bin\instrument.dll
Event: 0.623 Loaded shared library C:\Program Files\Microsoft\jdk-17.0.11.9-hotspot\bin\net.dll
Event: 0.626 Loaded shared library C:\Program Files\Microsoft\jdk-17.0.11.9-hotspot\bin\nio.dll
Event: 0.634 Loaded shared library C:\Program Files\Microsoft\jdk-17.0.11.9-hotspot\bin\zip.dll
Event: 1.274 Loaded shared library C:\Program Files\Microsoft\jdk-17.0.11.9-hotspot\bin\jimage.dll
Event: 1.602 Loaded shared library C:\Program Files\Microsoft\jdk-17.0.11.9-hotspot\bin\verify.dll
Event: 2.121 Loaded shared library C:\Users\user\.gradle\native\c067742578af261105cb4f569cf0c3c89f3d7b1fecec35dd04571415982c5e48\windows-amd64\native-platform.dll
Event: 2.168 Loaded shared library C:\Users\user\.gradle\native\38dada09dfb8b06ba9b0570ebf7e218e3eb74d4ef43ca46872605cf95ebc2f47\windows-amd64\native-platform-file-events.dll
Event: 5.501 Loaded shared library C:\Program Files\Microsoft\jdk-17.0.11.9-hotspot\bin\management.dll
Event: 5.512 Loaded shared library C:\Program Files\Microsoft\jdk-17.0.11.9-hotspot\bin\management_ext.dll
Event: 6.575 Loaded shared library C:\Program Files\Microsoft\jdk-17.0.11.9-hotspot\bin\extnet.dll
Event: 8.106 Loaded shared library C:\Program Files\Microsoft\jdk-17.0.11.9-hotspot\bin\sunmscapi.dll

Deoptimization events (20 events):
Event: 198.738 Thread 0x000001e83bdf66b0 Uncommon trap: trap_request=0xffffff45 fr.pc=0x000001e80f8d1c0c relative=0x000000000000136c
Event: 198.738 Thread 0x000001e83bdf66b0 Uncommon trap: reason=unstable_if action=reinterpret pc=0x000001e80f8d1c0c method=org.codehaus.groovy.runtime.metaclass.MetaMethodIndex.isOverridden(Lgroovy/lang/MetaMethod;Lgroovy/lang/MetaMethod;)Z @ 52 c2
Event: 198.738 Thread 0x000001e83bdf66b0 DEOPT PACKING pc=0x000001e80f8d1c0c sp=0x0000007282eefef0
Event: 198.738 Thread 0x000001e83bdf66b0 DEOPT UNPACKING pc=0x000001e80effa1a3 sp=0x0000007282eefe58 mode 2
Event: 198.774 Thread 0x000001e83bdf66b0 Uncommon trap: trap_request=0xffffffc6 fr.pc=0x000001e80f779c84 relative=0x0000000000000744
Event: 198.774 Thread 0x000001e83bdf66b0 Uncommon trap: reason=bimorphic_or_optimized_type_check action=maybe_recompile pc=0x000001e80f779c84 method=org.codehaus.groovy.util.SingleKeyHashMap.get(Ljava/lang/Object;)Ljava/lang/Object; @ 43 c2
Event: 198.774 Thread 0x000001e83bdf66b0 DEOPT PACKING pc=0x000001e80f779c84 sp=0x0000007282eeff10
Event: 198.774 Thread 0x000001e83bdf66b0 DEOPT UNPACKING pc=0x000001e80effa1a3 sp=0x0000007282eefea8 mode 2
Event: 198.777 Thread 0x000001e83bdf66b0 Uncommon trap: trap_request=0xffffffc6 fr.pc=0x000001e80f779c84 relative=0x0000000000000744
Event: 198.777 Thread 0x000001e83bdf66b0 Uncommon trap: reason=bimorphic_or_optimized_type_check action=maybe_recompile pc=0x000001e80f779c84 method=org.codehaus.groovy.util.SingleKeyHashMap.get(Ljava/lang/Object;)Ljava/lang/Object; @ 43 c2
Event: 198.777 Thread 0x000001e83bdf66b0 DEOPT PACKING pc=0x000001e80f779c84 sp=0x0000007282eeff10
Event: 198.777 Thread 0x000001e83bdf66b0 DEOPT UNPACKING pc=0x000001e80effa1a3 sp=0x0000007282eefea8 mode 2
Event: 198.842 Thread 0x000001e83bdf66b0 Uncommon trap: trap_request=0xffffffde fr.pc=0x000001e80fa7d0f8 relative=0x00000000000002b8
Event: 198.842 Thread 0x000001e83bdf66b0 Uncommon trap: reason=class_check action=maybe_recompile pc=0x000001e80fa7d0f8 method=com.google.common.collect.ComparatorOrdering.compare(Ljava/lang/Object;Ljava/lang/Object;)I @ 6 c2
Event: 198.842 Thread 0x000001e83bdf66b0 DEOPT PACKING pc=0x000001e80fa7d0f8 sp=0x0000007282ef22c0
Event: 198.842 Thread 0x000001e83bdf66b0 DEOPT UNPACKING pc=0x000001e80effa1a3 sp=0x0000007282ef2238 mode 2
Event: 198.842 Thread 0x000001e83bdf66b0 Uncommon trap: trap_request=0xffffffde fr.pc=0x000001e80fa7d0f8 relative=0x00000000000002b8
Event: 198.842 Thread 0x000001e83bdf66b0 Uncommon trap: reason=class_check action=maybe_recompile pc=0x000001e80fa7d0f8 method=com.google.common.collect.ComparatorOrdering.compare(Ljava/lang/Object;Ljava/lang/Object;)I @ 6 c2
Event: 198.842 Thread 0x000001e83bdf66b0 DEOPT PACKING pc=0x000001e80fa7d0f8 sp=0x0000007282ef22c0
Event: 198.842 Thread 0x000001e83bdf66b0 DEOPT UNPACKING pc=0x000001e80effa1a3 sp=0x0000007282ef2238 mode 2

Classes unloaded (0 events):
No events

Classes redefined (0 events):
No events

Internal exceptions (20 events):
Event: 198.592 Thread 0x000001e83bdf66b0 Exception <a 'java/lang/ClassNotFoundException'{0x000000008a052530}: build_d22fi7uehlh4aleo4wsjoitlc$_run_closure2$_closure5BeanInfo> (0x000000008a052530) 
thrown [s\src\hotspot\share\classfile\systemDictionary.cpp, line 256]
Event: 198.593 Thread 0x000001e83bdf66b0 Exception <a 'java/lang/ClassNotFoundException'{0x000000008a0612d8}: build_d22fi7uehlh4aleo4wsjoitlc$_run_closure2$_closure5Customizer> (0x000000008a0612d8) 
thrown [s\src\hotspot\share\classfile\systemDictionary.cpp, line 256]
Event: 198.594 Thread 0x000001e83bdf66b0 Exception <a 'java/lang/ClassNotFoundException'{0x000000008a08d9a8}: build_d22fi7uehlh4aleo4wsjoitlc$_run_closure2BeanInfo> (0x000000008a08d9a8) 
thrown [s\src\hotspot\share\classfile\systemDictionary.cpp, line 256]
Event: 198.600 Thread 0x000001e83bdf66b0 Exception <a 'java/lang/ClassNotFoundException'{0x000000008a09c680}: build_d22fi7uehlh4aleo4wsjoitlc$_run_closure2Customizer> (0x000000008a09c680) 
thrown [s\src\hotspot\share\classfile\systemDictionary.cpp, line 256]
Event: 198.741 Thread 0x000001e83bdf66b0 Exception <a 'java/lang/ClassNotFoundException'{0x0000000089883420}: com/android/build/gradle/internal/dsl/BuildType$AgpDecorated_DecoratedBeanInfo> (0x0000000089883420) 
thrown [s\src\hotspot\share\classfile\systemDictionary.cpp, line 256]
Event: 198.742 Thread 0x000001e83bdf66b0 Exception <a 'java/lang/ClassNotFoundException'{0x0000000089895910}: com/android/build/gradle/internal/dsl/BuildType$AgpDecoratedBeanInfo> (0x0000000089895910) 
thrown [s\src\hotspot\share\classfile\systemDictionary.cpp, line 256]
Event: 198.742 Thread 0x000001e83bdf66b0 Exception <a 'java/lang/ClassNotFoundException'{0x00000000898a7c78}: com/android/build/gradle/internal/dsl/BuildTypeBeanInfo> (0x00000000898a7c78) 
thrown [s\src\hotspot\share\classfile\systemDictionary.cpp, line 256]
Event: 198.743 Thread 0x000001e83bdf66b0 Exception <a 'java/lang/ClassNotFoundException'{0x00000000898b9da8}: com/android/builder/core/AbstractBuildTypeBeanInfo> (0x00000000898b9da8) 
thrown [s\src\hotspot\share\classfile\systemDictionary.cpp, line 256]
Event: 198.744 Thread 0x000001e83bdf66b0 Exception <a 'java/lang/ClassNotFoundException'{0x00000000898cbec8}: com/android/builder/core/AbstractBuildTypeCustomizer> (0x00000000898cbec8) 
thrown [s\src\hotspot\share\classfile\systemDictionary.cpp, line 256]
Event: 198.751 Thread 0x000001e83bdf66b0 Exception <a 'java/lang/ClassNotFoundException'{0x00000000898faa48}: com/android/build/gradle/internal/dsl/BuildTypeCustomizer> (0x00000000898faa48) 
thrown [s\src\hotspot\share\classfile\systemDictionary.cpp, line 256]
Event: 198.756 Thread 0x000001e83bdf66b0 Exception <a 'java/lang/ClassNotFoundException'{0x000000008978a170}: com/android/build/gradle/internal/dsl/BuildType$AgpDecoratedCustomizer> (0x000000008978a170) 
thrown [s\src\hotspot\share\classfile\systemDictionary.cpp, line 256]
Event: 198.767 Thread 0x000001e83bdf66b0 Exception <a 'java/lang/ClassNotFoundException'{0x00000000897e14e0}: com/android/build/gradle/internal/dsl/BuildType$AgpDecorated_DecoratedCustomizer> (0x00000000897e14e0) 
thrown [s\src\hotspot\share\classfile\systemDictionary.cpp, line 256]
Event: 198.780 Thread 0x000001e83bdf66b0 Exception <a 'java/lang/ClassNotFoundException'{0x00000000896d5ac8}: build_d22fi7uehlh4aleo4wsjoitlc$_run_closure2$_closure6BeanInfo> (0x00000000896d5ac8) 
thrown [s\src\hotspot\share\classfile\systemDictionary.cpp, line 256]
Event: 198.781 Thread 0x000001e83bdf66b0 Exception <a 'java/lang/ClassNotFoundException'{0x00000000896e4870}: build_d22fi7uehlh4aleo4wsjoitlc$_run_closure2$_closure6Customizer> (0x00000000896e4870) 
thrown [s\src\hotspot\share\classfile\systemDictionary.cpp, line 256]
Event: 198.900 Thread 0x000001e83bdf66b0 Exception <a 'java/lang/ClassNotFoundException'{0x00000000895ffa10}: fonts_9ox0kt5mf2c9ee4jrxxuls0ulBeanInfo> (0x00000000895ffa10) 
thrown [s\src\hotspot\share\classfile\systemDictionary.cpp, line 256]
Event: 198.901 Thread 0x000001e83bdf66b0 Exception <a 'java/lang/ClassNotFoundException'{0x00000000894308d0}: fonts_9ox0kt5mf2c9ee4jrxxuls0ulCustomizer> (0x00000000894308d0) 
thrown [s\src\hotspot\share\classfile\systemDictionary.cpp, line 256]
Event: 198.908 Thread 0x000001e83bdf66b0 Exception <a 'java/lang/ClassNotFoundException'{0x0000000089491cc0}: com/android/build/gradle/internal/api/DefaultAndroidSourceSet_DecoratedBeanInfo> (0x0000000089491cc0) 
thrown [s\src\hotspot\share\classfile\systemDictionary.cpp, line 256]
Event: 198.908 Thread 0x000001e83bdf66b0 Exception <a 'java/lang/ClassNotFoundException'{0x000000008949ed20}: com/android/build/gradle/internal/api/DefaultAndroidSourceSetBeanInfo> (0x000000008949ed20) 
thrown [s\src\hotspot\share\classfile\systemDictionary.cpp, line 256]
Event: 198.909 Thread 0x000001e83bdf66b0 Exception <a 'java/lang/ClassNotFoundException'{0x00000000894ac300}: com/android/build/gradle/internal/api/DefaultAndroidSourceSetCustomizer> (0x00000000894ac300) 
thrown [s\src\hotspot\share\classfile\systemDictionary.cpp, line 256]
Event: 198.911 Thread 0x000001e83bdf66b0 Exception <a 'java/lang/ClassNotFoundException'{0x00000000893103c8}: com/android/build/gradle/internal/api/DefaultAndroidSourceSet_DecoratedCustomizer> (0x00000000893103c8) 
thrown [s\src\hotspot\share\classfile\systemDictionary.cpp, line 256]

VM Operations (20 events):
Event: 187.482 Executing VM operation: Cleanup
Event: 187.483 Executing VM operation: Cleanup done
Event: 188.483 Executing VM operation: Cleanup
Event: 188.487 Executing VM operation: Cleanup done
Event: 189.106 Executing VM operation: G1CollectForAllocation
Event: 189.130 Executing VM operation: G1CollectForAllocation done
Event: 189.395 Executing VM operation: G1PauseRemark
Event: 189.408 Executing VM operation: G1PauseRemark done
Event: 189.535 Executing VM operation: G1PauseCleanup
Event: 189.540 Executing VM operation: G1PauseCleanup done
Event: 191.540 Executing VM operation: Cleanup
Event: 191.540 Executing VM operation: Cleanup done
Event: 196.182 Executing VM operation: G1CollectForAllocation
Event: 196.199 Executing VM operation: G1CollectForAllocation done
Event: 196.834 Executing VM operation: G1CollectForAllocation
Event: 196.840 Executing VM operation: G1CollectForAllocation done
Event: 197.840 Executing VM operation: Cleanup
Event: 197.841 Executing VM operation: Cleanup done
Event: 198.403 Executing VM operation: G1CollectForAllocation
Event: 198.410 Executing VM operation: G1CollectForAllocation done

Events (20 events):
Event: 197.424 loading class java/util/TreeMap$EntrySpliterator
Event: 197.424 loading class java/util/TreeMap$EntrySpliterator done
Event: 197.454 loading class java/util/Stack
Event: 197.454 loading class java/util/Stack done
Event: 197.520 loading class org/xml/sax/ContentHandler
Event: 197.520 loading class org/xml/sax/ContentHandler done
Event: 197.520 loading class org/xml/sax/EntityResolver
Event: 197.521 loading class org/xml/sax/EntityResolver done
Event: 197.521 loading class org/xml/sax/DTDHandler
Event: 197.521 loading class org/xml/sax/DTDHandler done
Event: 197.536 loading class java/util/Spliterators$IntArraySpliterator
Event: 197.536 loading class java/util/Spliterators$IntArraySpliterator done
Event: 197.541 loading class java/text/ParsePosition
Event: 197.541 loading class java/text/ParsePosition done
Event: 197.543 Thread 0x000001e83b2c4be0 Thread exited: 0x000001e83b2c4be0
Event: 197.551 loading class java/text/CharacterIterator
Event: 197.551 loading class java/text/CharacterIterator done
Event: 197.858 Thread 0x000001e83b2c4be0 Thread added: 0x000001e83b2c4be0
Event: 198.434 loading class java/beans/IntrospectionException
Event: 198.435 loading class java/beans/IntrospectionException done


Dynamic libraries:
0x00007ff7976d0000 - 0x00007ff7976de000 	C:\Program Files\Microsoft\jdk-17.0.11.9-hotspot\bin\java.exe
0x00007ff8fcfe0000 - 0x00007ff8fd1e9000 	C:\WINDOWS\SYSTEM32\ntdll.dll
0x00007ff8fc190000 - 0x00007ff8fc24d000 	C:\WINDOWS\System32\KERNEL32.DLL
0x00007ff8fa650000 - 0x00007ff8fa9d4000 	C:\WINDOWS\System32\KERNELBASE.dll
0x00007ff8fad10000 - 0x00007ff8fae21000 	C:\WINDOWS\System32\ucrtbase.dll
0x00007ff8cd770000 - 0x00007ff8cd787000 	C:\Program Files\Microsoft\jdk-17.0.11.9-hotspot\bin\jli.dll
0x00007ff8fc410000 - 0x00007ff8fc5bd000 	C:\WINDOWS\System32\USER32.dll
0x00007ff8fa470000 - 0x00007ff8fa496000 	C:\WINDOWS\System32\win32u.dll
0x00007ff8fba10000 - 0x00007ff8fba3a000 	C:\WINDOWS\System32\GDI32.dll
0x00007ff8fab50000 - 0x00007ff8fac6e000 	C:\WINDOWS\System32\gdi32full.dll
0x00007ff8fac70000 - 0x00007ff8fad0d000 	C:\WINDOWS\System32\msvcp_win.dll
0x00007ff8cd750000 - 0x00007ff8cd76b000 	C:\Program Files\Microsoft\jdk-17.0.11.9-hotspot\bin\VCRUNTIME140.dll
0x00007ff8e1050000 - 0x00007ff8e12f5000 	C:\WINDOWS\WinSxS\amd64_microsoft.windows.common-controls_6595b64144ccf1df_6.0.22000.120_none_9d947278b86cc467\COMCTL32.dll
0x00007ff8fca70000 - 0x00007ff8fcb13000 	C:\WINDOWS\System32\msvcrt.dll
0x00007ff8fba40000 - 0x00007ff8fba71000 	C:\WINDOWS\System32\IMM32.DLL
0x00007ff8f4120000 - 0x00007ff8f412c000 	C:\Program Files\Microsoft\jdk-17.0.11.9-hotspot\bin\vcruntime140_1.dll
0x00007ff8ad1a0000 - 0x00007ff8ad22d000 	C:\Program Files\Microsoft\jdk-17.0.11.9-hotspot\bin\msvcp140.dll
0x00007ff862ed0000 - 0x00007ff863b36000 	C:\Program Files\Microsoft\jdk-17.0.11.9-hotspot\bin\server\jvm.dll
0x00007ff8faec0000 - 0x00007ff8faf6e000 	C:\WINDOWS\System32\ADVAPI32.dll
0x00007ff8fc250000 - 0x00007ff8fc2ee000 	C:\WINDOWS\System32\sechost.dll
0x00007ff8fbee0000 - 0x00007ff8fc001000 	C:\WINDOWS\System32\RPCRT4.dll
0x00007ff8f8dd0000 - 0x00007ff8f8e1d000 	C:\WINDOWS\SYSTEM32\POWRPROF.dll
0x00007ff8d7180000 - 0x00007ff8d7189000 	C:\WINDOWS\SYSTEM32\WSOCK32.dll
0x00007ff8fb8b0000 - 0x00007ff8fb91f000 	C:\WINDOWS\System32\WS2_32.dll
0x00007ff8f1b00000 - 0x00007ff8f1b33000 	C:\WINDOWS\SYSTEM32\WINMM.dll
0x00007ff8efd40000 - 0x00007ff8efd4a000 	C:\WINDOWS\SYSTEM32\VERSION.dll
0x00007ff8f8ec0000 - 0x00007ff8f8ed3000 	C:\WINDOWS\SYSTEM32\UMPDC.dll
0x00007ff8f95d0000 - 0x00007ff8f95e8000 	C:\WINDOWS\SYSTEM32\kernel.appcore.dll
0x00007ff8f0b90000 - 0x00007ff8f0b9a000 	C:\Program Files\Microsoft\jdk-17.0.11.9-hotspot\bin\jimage.dll
0x00007ff8f7f10000 - 0x00007ff8f8131000 	C:\WINDOWS\SYSTEM32\DBGHELP.DLL
0x00007ff8d8b70000 - 0x00007ff8d8ba1000 	C:\WINDOWS\SYSTEM32\dbgcore.DLL
0x00007ff8fa5d0000 - 0x00007ff8fa64f000 	C:\WINDOWS\System32\bcryptPrimitives.dll
0x00007ff8f4230000 - 0x00007ff8f423e000 	C:\Program Files\Microsoft\jdk-17.0.11.9-hotspot\bin\instrument.dll
0x00007ff8cd550000 - 0x00007ff8cd575000 	C:\Program Files\Microsoft\jdk-17.0.11.9-hotspot\bin\java.dll
0x00007ff8ace80000 - 0x00007ff8acf57000 	C:\Program Files\Microsoft\jdk-17.0.11.9-hotspot\bin\jsvml.dll
0x00007ff8fb0e0000 - 0x00007ff8fb8a5000 	C:\WINDOWS\System32\SHELL32.dll
0x00007ff8f8550000 - 0x00007ff8f8db2000 	C:\WINDOWS\SYSTEM32\windows.storage.dll
0x00007ff8fba80000 - 0x00007ff8fbdf6000 	C:\WINDOWS\System32\combase.dll
0x00007ff8f83e0000 - 0x00007ff8f8547000 	C:\WINDOWS\SYSTEM32\wintypes.dll
0x00007ff8faf70000 - 0x00007ff8fb05a000 	C:\WINDOWS\System32\SHCORE.dll
0x00007ff8fc760000 - 0x00007ff8fc7bd000 	C:\WINDOWS\System32\shlwapi.dll
0x00007ff8fa3a0000 - 0x00007ff8fa3c5000 	C:\WINDOWS\SYSTEM32\profapi.dll
0x00007ff8c0040000 - 0x00007ff8c0058000 	C:\Program Files\Microsoft\jdk-17.0.11.9-hotspot\bin\zip.dll
0x00007ff8c24c0000 - 0x00007ff8c24d9000 	C:\Program Files\Microsoft\jdk-17.0.11.9-hotspot\bin\net.dll
0x00007ff8f2e10000 - 0x00007ff8f2f24000 	C:\WINDOWS\SYSTEM32\WINHTTP.dll
0x00007ff8f9a80000 - 0x00007ff8f9ae7000 	C:\WINDOWS\system32\mswsock.dll
0x00007ff8c0060000 - 0x00007ff8c0076000 	C:\Program Files\Microsoft\jdk-17.0.11.9-hotspot\bin\nio.dll
0x00007ff8f4220000 - 0x00007ff8f4230000 	C:\Program Files\Microsoft\jdk-17.0.11.9-hotspot\bin\verify.dll
0x00007ff8cd590000 - 0x00007ff8cd5b7000 	C:\Users\user\.gradle\native\c067742578af261105cb4f569cf0c3c89f3d7b1fecec35dd04571415982c5e48\windows-amd64\native-platform.dll
0x00007ff8a3330000 - 0x00007ff8a3474000 	C:\Users\user\.gradle\native\38dada09dfb8b06ba9b0570ebf7e218e3eb74d4ef43ca46872605cf95ebc2f47\windows-amd64\native-platform-file-events.dll
0x00007ff8df540000 - 0x00007ff8df549000 	C:\Program Files\Microsoft\jdk-17.0.11.9-hotspot\bin\management.dll
0x00007ff8d8630000 - 0x00007ff8d863b000 	C:\Program Files\Microsoft\jdk-17.0.11.9-hotspot\bin\management_ext.dll
0x00007ff8fc120000 - 0x00007ff8fc128000 	C:\WINDOWS\System32\PSAPI.DLL
0x00007ff8f9cd0000 - 0x00007ff8f9ce8000 	C:\WINDOWS\SYSTEM32\CRYPTSP.dll
0x00007ff8f9530000 - 0x00007ff8f9565000 	C:\WINDOWS\system32\rsaenh.dll
0x00007ff8f9b70000 - 0x00007ff8f9b9c000 	C:\WINDOWS\SYSTEM32\USERENV.dll
0x00007ff8f9e40000 - 0x00007ff8f9e67000 	C:\WINDOWS\SYSTEM32\bcrypt.dll
0x00007ff8f9cc0000 - 0x00007ff8f9ccc000 	C:\WINDOWS\SYSTEM32\CRYPTBASE.dll
0x00007ff8f9130000 - 0x00007ff8f915d000 	C:\WINDOWS\SYSTEM32\IPHLPAPI.DLL
0x00007ff8fb0d0000 - 0x00007ff8fb0d9000 	C:\WINDOWS\System32\NSI.dll
0x00007ff8f2d80000 - 0x00007ff8f2d99000 	C:\WINDOWS\SYSTEM32\dhcpcsvc6.DLL
0x00007ff8f30a0000 - 0x00007ff8f30be000 	C:\WINDOWS\SYSTEM32\dhcpcsvc.DLL
0x00007ff8f91b0000 - 0x00007ff8f9297000 	C:\WINDOWS\SYSTEM32\DNSAPI.dll
0x00007ff8d7a00000 - 0x00007ff8d7a09000 	C:\Program Files\Microsoft\jdk-17.0.11.9-hotspot\bin\extnet.dll
0x00007ff8d7ee0000 - 0x00007ff8d7eee000 	C:\Program Files\Microsoft\jdk-17.0.11.9-hotspot\bin\sunmscapi.dll
0x00007ff8fa9e0000 - 0x00007ff8fab42000 	C:\WINDOWS\System32\CRYPT32.dll
0x00007ff8f9e10000 - 0x00007ff8f9e38000 	C:\WINDOWS\SYSTEM32\ncrypt.dll
0x00007ff8f9dd0000 - 0x00007ff8f9e07000 	C:\WINDOWS\SYSTEM32\NTASN1.dll
0x00007ff8d7e60000 - 0x00007ff8d7e68000 	C:\WINDOWS\system32\wshunix.dll
0x00007ff8f0c20000 - 0x00007ff8f0c2a000 	C:\Windows\System32\rasadhlp.dll
0x00007ff8f0f00000 - 0x00007ff8f0f81000 	C:\WINDOWS\System32\fwpuclnt.dll
0x00007ff8d40f0000 - 0x00007ff8d4107000 	C:\WINDOWS\system32\napinsp.dll
0x00007ff8d40d0000 - 0x00007ff8d40eb000 	C:\WINDOWS\system32\pnrpnsp.dll
0x00007ff8d40b0000 - 0x00007ff8d40c2000 	C:\WINDOWS\System32\winrnr.dll
0x00007ff8d4090000 - 0x00007ff8d40a5000 	C:\WINDOWS\system32\wshbth.dll
0x00007ff8d4070000 - 0x00007ff8d408f000 	C:\WINDOWS\system32\nlansp_c.dll
0x00007ff8f4df0000 - 0x00007ff8f4e82000 	C:\WINDOWS\system32\apphelp.dll
0x00007ff8f95f0000 - 0x00007ff8f9624000 	C:\WINDOWS\SYSTEM32\ntmarta.dll

dbghelp: loaded successfully - version: 4.0.5 - missing functions: none
symbol engine: initialized successfully - sym options: 0x614 - pdb path: .;C:\Program Files\Microsoft\jdk-17.0.11.9-hotspot\bin;C:\WINDOWS\SYSTEM32;C:\WINDOWS\WinSxS\amd64_microsoft.windows.common-controls_6595b64144ccf1df_6.0.22000.120_none_9d947278b86cc467;C:\Program Files\Microsoft\jdk-17.0.11.9-hotspot\bin\server;C:\Users\user\.gradle\native\c067742578af261105cb4f569cf0c3c89f3d7b1fecec35dd04571415982c5e48\windows-amd64;C:\Users\user\.gradle\native\38dada09dfb8b06ba9b0570ebf7e218e3eb74d4ef43ca46872605cf95ebc2f47\windows-amd64

VM Arguments:
jvm_args: -XX:MaxMetaspaceSize=512m --add-opens=java.base/java.util=ALL-UNNAMED --add-opens=java.base/java.lang=ALL-UNNAMED --add-opens=java.base/java.lang.invoke=ALL-UNNAMED --add-opens=java.prefs/java.util.prefs=ALL-UNNAMED --add-opens=java.base/java.nio.charset=ALL-UNNAMED --add-opens=java.base/java.net=ALL-UNNAMED --add-opens=java.base/java.util.concurrent.atomic=ALL-UNNAMED -Xmx2048m -Dfile.encoding=utf8 -Duser.country=ID -Duser.language=en -Duser.variant -javaagent:C:\Users\user\.gradle\wrapper\dists\gradle-8.5-all\3zlzzgtsutfj0pbojr50n2l7z\gradle-8.5\lib\agents\gradle-instrumentation-agent-8.5.jar 
java_command: org.gradle.launcher.daemon.bootstrap.GradleDaemon 8.5
java_class_path (initial): C:\Users\user\.gradle\wrapper\dists\gradle-8.5-all\3zlzzgtsutfj0pbojr50n2l7z\gradle-8.5\lib\gradle-launcher-8.5.jar
Launcher Type: SUN_STANDARD

[Global flags]
     intx CICompilerCount                          = 3                                         {product} {ergonomic}
   size_t CompressedClassSpaceSize                 = 436207616                                 {product} {ergonomic}
     uint ConcGCThreads                            = 1                                         {product} {ergonomic}
     uint G1ConcRefinementThreads                  = 4                                         {product} {ergonomic}
   size_t G1HeapRegionSize                         = 1048576                                   {product} {ergonomic}
    uintx GCDrainStackTargetSize                   = 64                                        {product} {ergonomic}
   size_t InitialHeapSize                          = 132120576                                 {product} {ergonomic}
   size_t MarkStackSize                            = 4194304                                   {product} {ergonomic}
   size_t MaxHeapSize                              = 2147483648                                {product} {command line}
   size_t MaxMetaspaceSize                         = 536870912                                 {product} {command line}
   size_t MaxNewSize                               = 1287651328                                {product} {ergonomic}
   size_t MinHeapDeltaBytes                        = 1048576                                   {product} {ergonomic}
   size_t MinHeapSize                              = 8388608                                   {product} {ergonomic}
    uintx NonNMethodCodeHeapSize                   = 5832780                                {pd product} {ergonomic}
    uintx NonProfiledCodeHeapSize                  = 122912730                              {pd product} {ergonomic}
    uintx ProfiledCodeHeapSize                     = 122912730                              {pd product} {ergonomic}
    uintx ReservedCodeCacheSize                    = 251658240                              {pd product} {ergonomic}
     bool SegmentedCodeCache                       = true                                      {product} {ergonomic}
   size_t SoftMaxHeapSize                          = 2147483648                             {manageable} {ergonomic}
     bool UseCompressedClassPointers               = true                           {product lp64_product} {ergonomic}
     bool UseCompressedOops                        = true                           {product lp64_product} {ergonomic}
     bool UseG1GC                                  = true                                      {product} {ergonomic}
     bool UseLargePagesIndividualAllocation        = false                                  {pd product} {ergonomic}

Logging:
Log output configuration:
 #0: stdout all=warning uptime,level,tags
 #1: stderr all=off uptime,level,tags

Environment Variables:
JAVA_HOME=C:\Program Files\Microsoft\jdk-17.0.11.9-hotspot\
PATH=C:\Program Files\Microsoft\jdk-17.0.11.9-hotspot\bin;C:\Program Files (x86)\VMware\VMware Player\bin\;C:\oraclexe\app\oracle\product\11.2.0\server\bin;C:\Program Files\Common Files\Oracle\Java\javapath;C:\Program Files (x86)\Common Files\Oracle\Java\javapath;C:\Windows\system32;C:\Windows;C:\Windows\System32\Wbem;C:\Windows\System32\WindowsPowerShell\v1.0\;C:\Windows\System32\OpenSSH\;C:\Program Files (x86)\NVIDIA Corporation\PhysX\Common;C:\Program Files\NVIDIA Corporation\NVIDIA NvDLISR;C:\Program Files (x86)\Microsoft SQL Server\150\DTS\Binn\;C:\Program Files\Microsoft SQL Server\Client SDK\ODBC\170\Tools\Binn\;C:\Program Files (x86)\Microsoft SQL Server\150\Tools\Binn\;C:\Program Files\Microsoft SQL Server\150\Tools\Binn\;C:\Program Files\Microsoft SQL Server\150\DTS\Binn\;C:\Program Files\Java\jdk-18.0.1.1\bin;C:\xampp\php;C:\ProgramData\ComposerSetup\bin;C:\Program Files\dotnet\;C:\xampp\php\php.exe;C:\Users\user\AppData\Local\Programs\Python\Python310;C:\Users\user\AppData\Local\Programs\Python\Python310\Scripts;C:\Program Files\Polyspace\R2019a\runtime\win64;C:\Program Files\Polyspace\R2019a\bin;C:\Program Files\Polyspace\R2019a\polyspace\bin;C:\WINDOWS\system32;C:\WINDOWS;C:\WINDOWS\System32\Wbem;C:\WINDOWS\System32\WindowsPowerShell\v1.0\;C:\WINDOWS\System32\OpenSSH\;C:\CooCox\CoIDE_V2Beta\bin;C:\Program Files\PuTTY\;C:\Program Files\Git\cmd;C:\Program Files\Git\usr\bin;C:\Program Files\Git\usr\bin;C:\MinGW\msys\1.0\bin;C:\MinGW\bin;C:\Program Files\mosquitto;C:\Program Files\nodejs\;C:\ProgramData\chocolatey\bin;C:\Users\user\AppData\Local\Microsoft\WindowsApps;C:\Program Files\Azure Data Studio\bin;C:\Users\user\AppData\Local\Programs\Microsoft VS Code\bin;C:\Users\user\AppData\Local\Programs\Python\Python310;C:\src\flutter\bin;C:\Users\user\AppData\Roaming\Composer\vendor\bin;C:\Users\user\AppData\Local\Android\sdk\platform-tools;C:\Users\user\AppData\Local\Programs\Hyper\resources\bin;C:\Users\user\.dotnet\tools;C:\Program Files\mosquitto;C:\Users\us
USERNAME=user
OS=Windows_NT
PROCESSOR_IDENTIFIER=Intel64 Family 6 Model 140 Stepping 1, GenuineIntel
TMP=C:\Users\user\AppData\Local\Temp
TEMP=C:\Users\user\AppData\Local\Temp



Periodic native trim disabled


---------------  S Y S T E M  ---------------

OS:
 Windows 11 , 64 bit Build 22000 (10.0.22000.2538)
OS uptime: 0 days 2:14 hours

CPU: total 4 (initial active 4) (2 cores per cpu, 2 threads per core) family 6 model 140 stepping 1 microcode 0x8a, cx8, cmov, fxsr, ht, mmx, 3dnowpref, sse, sse2, sse3, ssse3, sse4.1, sse4.2, popcnt, lzcnt, tsc, tscinvbit, avx, avx2, aes, erms, clmul, bmi1, bmi2, adx, avx512f, avx512dq, avx512cd, avx512bw, avx512vl, sha, fma, vzeroupper, avx512_vpopcntdq, avx512_vpclmulqdq, avx512_vaes, avx512_vnni, clflush, clflushopt, clwb, avx512_vbmi2, avx512_vbmi
Processor Information for all 4 processors :
  Max Mhz: 2995, Current Mhz: 2995, Mhz Limit: 2995

Memory: 4k page, system-wide physical 7971M (418M free)
TotalPageFile size 15199M (AvailPageFile size 2M)
current process WorkingSet (physical memory assigned to process): 404M, peak: 406M
current process commit charge ("private bytes"): 461M, peak: 464M

vm_info: OpenJDK 64-Bit Server VM (17.0.11+9-LTS) for windows-amd64 JRE (17.0.11+9-LTS), built on Apr  9 2024 22:05:54 by "MicrosoftCorporation" with MS VC++ 16.10 / 16.11 (VS2019)

END.
